{"d:\\Workspace\\Laicos\\Source\\ibhs\\ibhs_api\\api\\responses\\badRequest.js":{"path":"d:\\Workspace\\Laicos\\Source\\ibhs\\ibhs_api\\api\\responses\\badRequest.js","s":{"1":1,"2":0,"3":0,"4":0,"5":0,"6":0,"7":0,"8":0,"9":0,"10":0,"11":0,"12":0,"13":0,"14":0,"15":0,"16":0,"17":0},"b":{"1":[0,0],"2":[0,0],"3":[0,0],"4":[0,0],"5":[0,0],"6":[0,0]},"f":{"1":0,"2":0},"fnMap":{"1":{"name":"badRequest","line":18,"loc":{"start":{"line":18,"column":17},"end":{"line":18,"column":52}}},"2":{"name":"couldNotGuessView","line":59,"loc":{"start":{"line":59,"column":44},"end":{"line":59,"column":74}}}},"statementMap":{"1":{"start":{"line":18,"column":0},"end":{"line":63,"column":2}},"2":{"start":{"line":21,"column":2},"end":{"line":21,"column":21}},"3":{"start":{"line":22,"column":2},"end":{"line":22,"column":21}},"4":{"start":{"line":23,"column":2},"end":{"line":23,"column":25}},"5":{"start":{"line":26,"column":2},"end":{"line":26,"column":18}},"6":{"start":{"line":29,"column":2},"end":{"line":32,"column":65}},"7":{"start":{"line":30,"column":4},"end":{"line":30,"column":71}},"8":{"start":{"line":32,"column":7},"end":{"line":32,"column":65}},"9":{"start":{"line":37,"column":2},"end":{"line":39,"column":3}},"10":{"start":{"line":38,"column":4},"end":{"line":38,"column":21}},"11":{"start":{"line":42,"column":2},"end":{"line":44,"column":3}},"12":{"start":{"line":43,"column":4},"end":{"line":43,"column":27}},"13":{"start":{"line":48,"column":2},"end":{"line":48,"column":78}},"14":{"start":{"line":53,"column":2},"end":{"line":61,"column":5}},"15":{"start":{"line":54,"column":4},"end":{"line":54,"column":50}},"16":{"start":{"line":59,"column":7},"end":{"line":61,"column":5}},"17":{"start":{"line":60,"column":4},"end":{"line":60,"column":27}}},"branchMap":{"1":{"line":29,"type":"if","locations":[{"start":{"line":29,"column":2},"end":{"line":29,"column":2}},{"start":{"line":29,"column":2},"end":{"line":29,"column":2}}]},"2":{"line":37,"type":"if","locations":[{"start":{"line":37,"column":2},"end":{"line":37,"column":2}},{"start":{"line":37,"column":2},"end":{"line":37,"column":2}}]},"3":{"line":42,"type":"if","locations":[{"start":{"line":42,"column":2},"end":{"line":42,"column":2}},{"start":{"line":42,"column":2},"end":{"line":42,"column":2}}]},"4":{"line":48,"type":"cond-expr","locations":[{"start":{"line":48,"column":44},"end":{"line":48,"column":61}},{"start":{"line":48,"column":64},"end":{"line":48,"column":77}}]},"5":{"line":48,"type":"binary-expr","locations":[{"start":{"line":48,"column":64},"end":{"line":48,"column":71}},{"start":{"line":48,"column":75},"end":{"line":48,"column":77}}]},"6":{"line":53,"type":"if","locations":[{"start":{"line":53,"column":2},"end":{"line":53,"column":2}},{"start":{"line":53,"column":2},"end":{"line":53,"column":2}}]}}},"d:\\Workspace\\Laicos\\Source\\ibhs\\ibhs_api\\api\\responses\\forbidden.js":{"path":"d:\\Workspace\\Laicos\\Source\\ibhs\\ibhs_api\\api\\responses\\forbidden.js","s":{"1":1,"2":0,"3":0,"4":0,"5":0,"6":0,"7":0,"8":0,"9":0,"10":0,"11":0,"12":0,"13":0,"14":0,"15":0,"16":0,"17":0,"18":0,"19":0,"20":0,"21":0,"22":0},"b":{"1":[0,0],"2":[0,0],"3":[0,0],"4":[0,0],"5":[0,0],"6":[0,0],"7":[0,0],"8":[0,0]},"f":{"1":0,"2":0},"fnMap":{"1":{"name":"forbidden","line":15,"loc":{"start":{"line":15,"column":17},"end":{"line":15,"column":52}}},"2":{"name":"(anonymous_2)","line":56,"loc":{"start":{"line":56,"column":46},"end":{"line":56,"column":67}}}},"statementMap":{"1":{"start":{"line":15,"column":0},"end":{"line":76,"column":2}},"2":{"start":{"line":18,"column":2},"end":{"line":18,"column":21}},"3":{"start":{"line":19,"column":2},"end":{"line":19,"column":21}},"4":{"start":{"line":20,"column":2},"end":{"line":20,"column":25}},"5":{"start":{"line":23,"column":2},"end":{"line":23,"column":18}},"6":{"start":{"line":26,"column":2},"end":{"line":29,"column":63}},"7":{"start":{"line":27,"column":4},"end":{"line":27,"column":69}},"8":{"start":{"line":29,"column":7},"end":{"line":29,"column":63}},"9":{"start":{"line":34,"column":2},"end":{"line":36,"column":3}},"10":{"start":{"line":35,"column":4},"end":{"line":35,"column":21}},"11":{"start":{"line":39,"column":2},"end":{"line":41,"column":3}},"12":{"start":{"line":40,"column":4},"end":{"line":40,"column":27}},"13":{"start":{"line":45,"column":2},"end":{"line":45,"column":78}},"14":{"start":{"line":50,"column":2},"end":{"line":74,"column":5}},"15":{"start":{"line":51,"column":4},"end":{"line":51,"column":50}},"16":{"start":{"line":56,"column":7},"end":{"line":74,"column":5}},"17":{"start":{"line":59,"column":4},"end":{"line":71,"column":5}},"18":{"start":{"line":63,"column":6},"end":{"line":69,"column":7}},"19":{"start":{"line":64,"column":8},"end":{"line":64,"column":124}},"20":{"start":{"line":68,"column":8},"end":{"line":68,"column":145}},"21":{"start":{"line":70,"column":6},"end":{"line":70,"column":29}},"22":{"start":{"line":73,"column":4},"end":{"line":73,"column":26}}},"branchMap":{"1":{"line":26,"type":"if","locations":[{"start":{"line":26,"column":2},"end":{"line":26,"column":2}},{"start":{"line":26,"column":2},"end":{"line":26,"column":2}}]},"2":{"line":34,"type":"if","locations":[{"start":{"line":34,"column":2},"end":{"line":34,"column":2}},{"start":{"line":34,"column":2},"end":{"line":34,"column":2}}]},"3":{"line":39,"type":"if","locations":[{"start":{"line":39,"column":2},"end":{"line":39,"column":2}},{"start":{"line":39,"column":2},"end":{"line":39,"column":2}}]},"4":{"line":45,"type":"cond-expr","locations":[{"start":{"line":45,"column":44},"end":{"line":45,"column":61}},{"start":{"line":45,"column":64},"end":{"line":45,"column":77}}]},"5":{"line":45,"type":"binary-expr","locations":[{"start":{"line":45,"column":64},"end":{"line":45,"column":71}},{"start":{"line":45,"column":75},"end":{"line":45,"column":77}}]},"6":{"line":50,"type":"if","locations":[{"start":{"line":50,"column":2},"end":{"line":50,"column":2}},{"start":{"line":50,"column":2},"end":{"line":50,"column":2}}]},"7":{"line":59,"type":"if","locations":[{"start":{"line":59,"column":4},"end":{"line":59,"column":4}},{"start":{"line":59,"column":4},"end":{"line":59,"column":4}}]},"8":{"line":63,"type":"if","locations":[{"start":{"line":63,"column":6},"end":{"line":63,"column":6}},{"start":{"line":63,"column":6},"end":{"line":63,"column":6}}]}}},"d:\\Workspace\\Laicos\\Source\\ibhs\\ibhs_api\\api\\responses\\notFound.js":{"path":"d:\\Workspace\\Laicos\\Source\\ibhs\\ibhs_api\\api\\responses\\notFound.js","s":{"1":1,"2":0,"3":0,"4":0,"5":0,"6":0,"7":0,"8":0,"9":0,"10":0,"11":0,"12":0,"13":0,"14":0,"15":0,"16":0,"17":0,"18":0,"19":0,"20":0,"21":0,"22":0},"b":{"1":[0,0],"2":[0,0],"3":[0,0],"4":[0,0],"5":[0,0],"6":[0,0],"7":[0,0],"8":[0,0]},"f":{"1":0,"2":0},"fnMap":{"1":{"name":"notFound","line":20,"loc":{"start":{"line":20,"column":17},"end":{"line":20,"column":51}}},"2":{"name":"(anonymous_2)","line":61,"loc":{"start":{"line":61,"column":46},"end":{"line":61,"column":67}}}},"statementMap":{"1":{"start":{"line":20,"column":0},"end":{"line":81,"column":2}},"2":{"start":{"line":23,"column":2},"end":{"line":23,"column":21}},"3":{"start":{"line":24,"column":2},"end":{"line":24,"column":21}},"4":{"start":{"line":25,"column":2},"end":{"line":25,"column":25}},"5":{"start":{"line":28,"column":2},"end":{"line":28,"column":18}},"6":{"start":{"line":31,"column":2},"end":{"line":34,"column":63}},"7":{"start":{"line":32,"column":4},"end":{"line":32,"column":69}},"8":{"start":{"line":34,"column":7},"end":{"line":34,"column":63}},"9":{"start":{"line":39,"column":2},"end":{"line":41,"column":3}},"10":{"start":{"line":40,"column":4},"end":{"line":40,"column":21}},"11":{"start":{"line":44,"column":2},"end":{"line":46,"column":3}},"12":{"start":{"line":45,"column":4},"end":{"line":45,"column":27}},"13":{"start":{"line":50,"column":2},"end":{"line":50,"column":78}},"14":{"start":{"line":55,"column":2},"end":{"line":79,"column":5}},"15":{"start":{"line":56,"column":4},"end":{"line":56,"column":50}},"16":{"start":{"line":61,"column":7},"end":{"line":79,"column":5}},"17":{"start":{"line":64,"column":4},"end":{"line":76,"column":5}},"18":{"start":{"line":68,"column":6},"end":{"line":74,"column":7}},"19":{"start":{"line":69,"column":8},"end":{"line":69,"column":123}},"20":{"start":{"line":73,"column":8},"end":{"line":73,"column":144}},"21":{"start":{"line":75,"column":6},"end":{"line":75,"column":29}},"22":{"start":{"line":78,"column":4},"end":{"line":78,"column":26}}},"branchMap":{"1":{"line":31,"type":"if","locations":[{"start":{"line":31,"column":2},"end":{"line":31,"column":2}},{"start":{"line":31,"column":2},"end":{"line":31,"column":2}}]},"2":{"line":39,"type":"if","locations":[{"start":{"line":39,"column":2},"end":{"line":39,"column":2}},{"start":{"line":39,"column":2},"end":{"line":39,"column":2}}]},"3":{"line":44,"type":"if","locations":[{"start":{"line":44,"column":2},"end":{"line":44,"column":2}},{"start":{"line":44,"column":2},"end":{"line":44,"column":2}}]},"4":{"line":50,"type":"cond-expr","locations":[{"start":{"line":50,"column":44},"end":{"line":50,"column":61}},{"start":{"line":50,"column":64},"end":{"line":50,"column":77}}]},"5":{"line":50,"type":"binary-expr","locations":[{"start":{"line":50,"column":64},"end":{"line":50,"column":71}},{"start":{"line":50,"column":75},"end":{"line":50,"column":77}}]},"6":{"line":55,"type":"if","locations":[{"start":{"line":55,"column":2},"end":{"line":55,"column":2}},{"start":{"line":55,"column":2},"end":{"line":55,"column":2}}]},"7":{"line":64,"type":"if","locations":[{"start":{"line":64,"column":4},"end":{"line":64,"column":4}},{"start":{"line":64,"column":4},"end":{"line":64,"column":4}}]},"8":{"line":68,"type":"if","locations":[{"start":{"line":68,"column":6},"end":{"line":68,"column":6}},{"start":{"line":68,"column":6},"end":{"line":68,"column":6}}]}}},"d:\\Workspace\\Laicos\\Source\\ibhs\\ibhs_api\\api\\responses\\ok.js":{"path":"d:\\Workspace\\Laicos\\Source\\ibhs\\ibhs_api\\api\\responses\\ok.js","s":{"1":1,"2":0,"3":0,"4":0,"5":0,"6":0,"7":0,"8":0,"9":0,"10":0,"11":0,"12":0,"13":0},"b":{"1":[0,0],"2":[0,0],"3":[0,0],"4":[0,0]},"f":{"1":0,"2":0},"fnMap":{"1":{"name":"sendOK","line":14,"loc":{"start":{"line":14,"column":17},"end":{"line":14,"column":49}}},"2":{"name":"couldNotGuessView","line":44,"loc":{"start":{"line":44,"column":44},"end":{"line":44,"column":74}}}},"statementMap":{"1":{"start":{"line":14,"column":0},"end":{"line":48,"column":2}},"2":{"start":{"line":17,"column":2},"end":{"line":17,"column":21}},"3":{"start":{"line":18,"column":2},"end":{"line":18,"column":21}},"4":{"start":{"line":19,"column":2},"end":{"line":19,"column":25}},"5":{"start":{"line":21,"column":2},"end":{"line":21,"column":61}},"6":{"start":{"line":24,"column":2},"end":{"line":24,"column":18}},"7":{"start":{"line":27,"column":2},"end":{"line":29,"column":3}},"8":{"start":{"line":28,"column":4},"end":{"line":28,"column":27}},"9":{"start":{"line":33,"column":2},"end":{"line":33,"column":78}},"10":{"start":{"line":38,"column":2},"end":{"line":46,"column":5}},"11":{"start":{"line":39,"column":4},"end":{"line":39,"column":50}},"12":{"start":{"line":44,"column":7},"end":{"line":46,"column":5}},"13":{"start":{"line":45,"column":4},"end":{"line":45,"column":27}}},"branchMap":{"1":{"line":27,"type":"if","locations":[{"start":{"line":27,"column":2},"end":{"line":27,"column":2}},{"start":{"line":27,"column":2},"end":{"line":27,"column":2}}]},"2":{"line":33,"type":"cond-expr","locations":[{"start":{"line":33,"column":44},"end":{"line":33,"column":61}},{"start":{"line":33,"column":64},"end":{"line":33,"column":77}}]},"3":{"line":33,"type":"binary-expr","locations":[{"start":{"line":33,"column":64},"end":{"line":33,"column":71}},{"start":{"line":33,"column":75},"end":{"line":33,"column":77}}]},"4":{"line":38,"type":"if","locations":[{"start":{"line":38,"column":2},"end":{"line":38,"column":2}},{"start":{"line":38,"column":2},"end":{"line":38,"column":2}}]}}},"d:\\Workspace\\Laicos\\Source\\ibhs\\ibhs_api\\api\\responses\\serverError.js":{"path":"d:\\Workspace\\Laicos\\Source\\ibhs\\ibhs_api\\api\\responses\\serverError.js","s":{"1":1,"2":0,"3":0,"4":0,"5":0,"6":0,"7":0,"8":0,"9":0,"10":0,"11":0,"12":0,"13":0,"14":0,"15":0,"16":0,"17":0,"18":0,"19":0,"20":0,"21":0,"22":0},"b":{"1":[0,0],"2":[0,0],"3":[0,0],"4":[0,0],"5":[0,0],"6":[0,0],"7":[0,0],"8":[0,0]},"f":{"1":0,"2":0},"fnMap":{"1":{"name":"serverError","line":15,"loc":{"start":{"line":15,"column":17},"end":{"line":15,"column":54}}},"2":{"name":"(anonymous_2)","line":56,"loc":{"start":{"line":56,"column":46},"end":{"line":56,"column":67}}}},"statementMap":{"1":{"start":{"line":15,"column":0},"end":{"line":76,"column":2}},"2":{"start":{"line":18,"column":2},"end":{"line":18,"column":21}},"3":{"start":{"line":19,"column":2},"end":{"line":19,"column":21}},"4":{"start":{"line":20,"column":2},"end":{"line":20,"column":25}},"5":{"start":{"line":23,"column":2},"end":{"line":23,"column":18}},"6":{"start":{"line":26,"column":2},"end":{"line":29,"column":70}},"7":{"start":{"line":27,"column":4},"end":{"line":27,"column":70}},"8":{"start":{"line":29,"column":7},"end":{"line":29,"column":70}},"9":{"start":{"line":34,"column":2},"end":{"line":36,"column":3}},"10":{"start":{"line":35,"column":4},"end":{"line":35,"column":21}},"11":{"start":{"line":39,"column":2},"end":{"line":41,"column":3}},"12":{"start":{"line":40,"column":4},"end":{"line":40,"column":27}},"13":{"start":{"line":45,"column":2},"end":{"line":45,"column":78}},"14":{"start":{"line":50,"column":2},"end":{"line":74,"column":5}},"15":{"start":{"line":51,"column":4},"end":{"line":51,"column":50}},"16":{"start":{"line":56,"column":7},"end":{"line":74,"column":5}},"17":{"start":{"line":59,"column":4},"end":{"line":71,"column":5}},"18":{"start":{"line":63,"column":6},"end":{"line":69,"column":7}},"19":{"start":{"line":64,"column":8},"end":{"line":64,"column":126}},"20":{"start":{"line":68,"column":8},"end":{"line":68,"column":147}},"21":{"start":{"line":70,"column":6},"end":{"line":70,"column":29}},"22":{"start":{"line":73,"column":4},"end":{"line":73,"column":26}}},"branchMap":{"1":{"line":26,"type":"if","locations":[{"start":{"line":26,"column":2},"end":{"line":26,"column":2}},{"start":{"line":26,"column":2},"end":{"line":26,"column":2}}]},"2":{"line":34,"type":"if","locations":[{"start":{"line":34,"column":2},"end":{"line":34,"column":2}},{"start":{"line":34,"column":2},"end":{"line":34,"column":2}}]},"3":{"line":39,"type":"if","locations":[{"start":{"line":39,"column":2},"end":{"line":39,"column":2}},{"start":{"line":39,"column":2},"end":{"line":39,"column":2}}]},"4":{"line":45,"type":"cond-expr","locations":[{"start":{"line":45,"column":44},"end":{"line":45,"column":61}},{"start":{"line":45,"column":64},"end":{"line":45,"column":77}}]},"5":{"line":45,"type":"binary-expr","locations":[{"start":{"line":45,"column":64},"end":{"line":45,"column":71}},{"start":{"line":45,"column":75},"end":{"line":45,"column":77}}]},"6":{"line":50,"type":"if","locations":[{"start":{"line":50,"column":2},"end":{"line":50,"column":2}},{"start":{"line":50,"column":2},"end":{"line":50,"column":2}}]},"7":{"line":59,"type":"if","locations":[{"start":{"line":59,"column":4},"end":{"line":59,"column":4}},{"start":{"line":59,"column":4},"end":{"line":59,"column":4}}]},"8":{"line":63,"type":"if","locations":[{"start":{"line":63,"column":6},"end":{"line":63,"column":6}},{"start":{"line":63,"column":6},"end":{"line":63,"column":6}}]}}},"d:\\Workspace\\Laicos\\Source\\ibhs\\ibhs_api\\api\\responses\\unauthorized.js":{"path":"d:\\Workspace\\Laicos\\Source\\ibhs\\ibhs_api\\api\\responses\\unauthorized.js","s":{"1":1,"2":0,"3":0,"4":0,"5":0,"6":0,"7":0,"8":0,"9":0,"10":0,"11":0,"12":0,"13":0,"14":0,"15":0,"16":0,"17":0,"18":0,"19":0,"20":0,"21":0,"22":0},"b":{"1":[0,0],"2":[0,0],"3":[0,0],"4":[0,0],"5":[0,0],"6":[0,0],"7":[0,0],"8":[0,0]},"f":{"1":0,"2":0},"fnMap":{"1":{"name":"expired","line":15,"loc":{"start":{"line":15,"column":17},"end":{"line":15,"column":50}}},"2":{"name":"(anonymous_2)","line":56,"loc":{"start":{"line":56,"column":46},"end":{"line":56,"column":67}}}},"statementMap":{"1":{"start":{"line":15,"column":0},"end":{"line":76,"column":2}},"2":{"start":{"line":18,"column":2},"end":{"line":18,"column":21}},"3":{"start":{"line":19,"column":2},"end":{"line":19,"column":21}},"4":{"start":{"line":20,"column":2},"end":{"line":20,"column":25}},"5":{"start":{"line":23,"column":2},"end":{"line":23,"column":18}},"6":{"start":{"line":26,"column":2},"end":{"line":29,"column":66}},"7":{"start":{"line":27,"column":4},"end":{"line":27,"column":72}},"8":{"start":{"line":29,"column":7},"end":{"line":29,"column":66}},"9":{"start":{"line":34,"column":2},"end":{"line":36,"column":3}},"10":{"start":{"line":35,"column":4},"end":{"line":35,"column":21}},"11":{"start":{"line":39,"column":2},"end":{"line":41,"column":3}},"12":{"start":{"line":40,"column":4},"end":{"line":40,"column":27}},"13":{"start":{"line":45,"column":2},"end":{"line":45,"column":78}},"14":{"start":{"line":50,"column":2},"end":{"line":74,"column":5}},"15":{"start":{"line":51,"column":4},"end":{"line":51,"column":50}},"16":{"start":{"line":56,"column":7},"end":{"line":74,"column":5}},"17":{"start":{"line":59,"column":4},"end":{"line":71,"column":5}},"18":{"start":{"line":63,"column":6},"end":{"line":69,"column":7}},"19":{"start":{"line":64,"column":8},"end":{"line":64,"column":127}},"20":{"start":{"line":68,"column":8},"end":{"line":68,"column":148}},"21":{"start":{"line":70,"column":6},"end":{"line":70,"column":29}},"22":{"start":{"line":73,"column":4},"end":{"line":73,"column":26}}},"branchMap":{"1":{"line":26,"type":"if","locations":[{"start":{"line":26,"column":2},"end":{"line":26,"column":2}},{"start":{"line":26,"column":2},"end":{"line":26,"column":2}}]},"2":{"line":34,"type":"if","locations":[{"start":{"line":34,"column":2},"end":{"line":34,"column":2}},{"start":{"line":34,"column":2},"end":{"line":34,"column":2}}]},"3":{"line":39,"type":"if","locations":[{"start":{"line":39,"column":2},"end":{"line":39,"column":2}},{"start":{"line":39,"column":2},"end":{"line":39,"column":2}}]},"4":{"line":45,"type":"cond-expr","locations":[{"start":{"line":45,"column":44},"end":{"line":45,"column":61}},{"start":{"line":45,"column":64},"end":{"line":45,"column":77}}]},"5":{"line":45,"type":"binary-expr","locations":[{"start":{"line":45,"column":64},"end":{"line":45,"column":71}},{"start":{"line":45,"column":75},"end":{"line":45,"column":77}}]},"6":{"line":50,"type":"if","locations":[{"start":{"line":50,"column":2},"end":{"line":50,"column":2}},{"start":{"line":50,"column":2},"end":{"line":50,"column":2}}]},"7":{"line":59,"type":"if","locations":[{"start":{"line":59,"column":4},"end":{"line":59,"column":4}},{"start":{"line":59,"column":4},"end":{"line":59,"column":4}}]},"8":{"line":63,"type":"if","locations":[{"start":{"line":63,"column":6},"end":{"line":63,"column":6}},{"start":{"line":63,"column":6},"end":{"line":63,"column":6}}]}}},"d:\\Workspace\\Laicos\\Source\\ibhs\\ibhs_api\\api\\services\\AuthStrategies.js":{"path":"d:\\Workspace\\Laicos\\Source\\ibhs\\ibhs_api\\api\\services\\AuthStrategies.js","s":{"1":1,"2":1,"3":0,"4":1,"5":0,"6":0,"7":1,"8":0,"9":0,"10":0,"11":0,"12":0,"13":0,"14":0,"15":0,"16":0,"17":0,"18":0,"19":0,"20":0,"21":0,"22":0,"23":1,"24":0,"25":0,"26":0,"27":0,"28":0,"29":0,"30":0,"31":0,"32":0,"33":0,"34":0,"35":0,"36":0,"37":0,"38":0,"39":1,"40":0,"41":0,"42":0,"43":0,"44":0,"45":0,"46":0,"47":0,"48":0,"49":1,"50":0,"51":0,"52":0,"53":0,"54":0,"55":0},"b":{"1":[0,0],"2":[0,0],"3":[0,0],"4":[0,0],"5":[0,0],"6":[0,0]},"f":{"1":0,"2":0,"3":0,"4":0,"5":0,"6":0,"7":0,"8":0,"9":0,"10":0,"11":0,"12":0,"13":0,"14":0,"15":0,"16":0,"17":0},"fnMap":{"1":{"name":"(anonymous_1)","line":13,"loc":{"start":{"line":13,"column":23},"end":{"line":13,"column":48}}},"2":{"name":"(anonymous_2)","line":19,"loc":{"start":{"line":19,"column":25},"end":{"line":19,"column":48}}},"3":{"name":"(anonymous_3)","line":23,"loc":{"start":{"line":23,"column":14},"end":{"line":23,"column":32}}},"4":{"name":"(anonymous_4)","line":31,"loc":{"start":{"line":31,"column":2},"end":{"line":31,"column":38}}},"5":{"name":"(anonymous_5)","line":39,"loc":{"start":{"line":39,"column":18},"end":{"line":39,"column":37}}},"6":{"name":"(anonymous_6)","line":46,"loc":{"start":{"line":46,"column":66},"end":{"line":46,"column":85}}},"7":{"name":"(anonymous_7)","line":52,"loc":{"start":{"line":52,"column":23},"end":{"line":52,"column":36}}},"8":{"name":"(anonymous_8)","line":62,"loc":{"start":{"line":62,"column":15},"end":{"line":62,"column":28}}},"9":{"name":"(anonymous_9)","line":76,"loc":{"start":{"line":76,"column":2},"end":{"line":76,"column":36}}},"10":{"name":"(anonymous_10)","line":84,"loc":{"start":{"line":84,"column":18},"end":{"line":84,"column":36}}},"11":{"name":"(anonymous_11)","line":92,"loc":{"start":{"line":92,"column":59},"end":{"line":92,"column":78}}},"12":{"name":"(anonymous_12)","line":99,"loc":{"start":{"line":99,"column":23},"end":{"line":99,"column":36}}},"13":{"name":"(anonymous_13)","line":107,"loc":{"start":{"line":107,"column":15},"end":{"line":107,"column":28}}},"14":{"name":"(anonymous_14)","line":123,"loc":{"start":{"line":123,"column":2},"end":{"line":123,"column":31}}},"15":{"name":"(anonymous_15)","line":127,"loc":{"start":{"line":127,"column":57},"end":{"line":127,"column":76}}},"16":{"name":"(anonymous_16)","line":135,"loc":{"start":{"line":135,"column":13},"end":{"line":135,"column":26}}},"17":{"name":"(anonymous_17)","line":149,"loc":{"start":{"line":149,"column":2},"end":{"line":149,"column":38}}}},"statementMap":{"1":{"start":{"line":7,"column":0},"end":{"line":10,"column":59}},"2":{"start":{"line":13,"column":0},"end":{"line":17,"column":3}},"3":{"start":{"line":16,"column":4},"end":{"line":16,"column":36}},"4":{"start":{"line":19,"column":0},"end":{"line":27,"column":3}},"5":{"start":{"line":22,"column":4},"end":{"line":25,"column":11}},"6":{"start":{"line":24,"column":12},"end":{"line":24,"column":25}},"7":{"start":{"line":30,"column":0},"end":{"line":72,"column":3}},"8":{"start":{"line":33,"column":6},"end":{"line":70,"column":7}},"9":{"start":{"line":35,"column":10},"end":{"line":35,"column":94}},"10":{"start":{"line":38,"column":10},"end":{"line":64,"column":15}},"11":{"start":{"line":41,"column":16},"end":{"line":59,"column":17}},"12":{"start":{"line":43,"column":20},"end":{"line":43,"column":100}},"13":{"start":{"line":46,"column":20},"end":{"line":55,"column":23}},"14":{"start":{"line":48,"column":24},"end":{"line":48,"column":111}},"15":{"start":{"line":50,"column":24},"end":{"line":50,"column":51}},"16":{"start":{"line":53,"column":24},"end":{"line":53,"column":115}},"17":{"start":{"line":54,"column":24},"end":{"line":54,"column":49}},"18":{"start":{"line":57,"column":20},"end":{"line":57,"column":125}},"19":{"start":{"line":58,"column":20},"end":{"line":58,"column":45}},"20":{"start":{"line":63,"column":16},"end":{"line":63,"column":31}},"21":{"start":{"line":68,"column":10},"end":{"line":68,"column":100}},"22":{"start":{"line":69,"column":10},"end":{"line":69,"column":33}},"23":{"start":{"line":75,"column":0},"end":{"line":120,"column":3}},"24":{"start":{"line":78,"column":6},"end":{"line":115,"column":7}},"25":{"start":{"line":80,"column":10},"end":{"line":80,"column":99}},"26":{"start":{"line":83,"column":10},"end":{"line":110,"column":15}},"27":{"start":{"line":87,"column":16},"end":{"line":105,"column":17}},"28":{"start":{"line":89,"column":20},"end":{"line":89,"column":113}},"29":{"start":{"line":92,"column":20},"end":{"line":101,"column":23}},"30":{"start":{"line":94,"column":24},"end":{"line":94,"column":117}},"31":{"start":{"line":97,"column":24},"end":{"line":97,"column":51}},"32":{"start":{"line":100,"column":24},"end":{"line":100,"column":49}},"33":{"start":{"line":103,"column":20},"end":{"line":103,"column":95}},"34":{"start":{"line":104,"column":20},"end":{"line":104,"column":45}},"35":{"start":{"line":108,"column":16},"end":{"line":108,"column":102}},"36":{"start":{"line":109,"column":16},"end":{"line":109,"column":31}},"37":{"start":{"line":113,"column":10},"end":{"line":113,"column":105}},"38":{"start":{"line":114,"column":10},"end":{"line":114,"column":33}},"39":{"start":{"line":122,"column":0},"end":{"line":144,"column":6}},"40":{"start":{"line":125,"column":6},"end":{"line":142,"column":7}},"41":{"start":{"line":127,"column":10},"end":{"line":138,"column":13}},"42":{"start":{"line":129,"column":14},"end":{"line":133,"column":15}},"43":{"start":{"line":130,"column":18},"end":{"line":130,"column":59}},"44":{"start":{"line":132,"column":18},"end":{"line":132,"column":43}},"45":{"start":{"line":136,"column":14},"end":{"line":136,"column":104}},"46":{"start":{"line":137,"column":14},"end":{"line":137,"column":29}},"47":{"start":{"line":140,"column":10},"end":{"line":140,"column":84}},"48":{"start":{"line":141,"column":10},"end":{"line":141,"column":33}},"49":{"start":{"line":147,"column":0},"end":{"line":162,"column":3}},"50":{"start":{"line":151,"column":6},"end":{"line":151,"column":82}},"51":{"start":{"line":153,"column":6},"end":{"line":159,"column":7}},"52":{"start":{"line":154,"column":10},"end":{"line":154,"column":75}},"53":{"start":{"line":155,"column":10},"end":{"line":155,"column":34}},"54":{"start":{"line":157,"column":10},"end":{"line":157,"column":72}},"55":{"start":{"line":158,"column":10},"end":{"line":158,"column":35}}},"branchMap":{"1":{"line":41,"type":"if","locations":[{"start":{"line":41,"column":16},"end":{"line":41,"column":16}},{"start":{"line":41,"column":16},"end":{"line":41,"column":16}}]},"2":{"line":87,"type":"if","locations":[{"start":{"line":87,"column":16},"end":{"line":87,"column":16}},{"start":{"line":87,"column":16},"end":{"line":87,"column":16}}]},"3":{"line":129,"type":"if","locations":[{"start":{"line":129,"column":14},"end":{"line":129,"column":14}},{"start":{"line":129,"column":14},"end":{"line":129,"column":14}}]},"4":{"line":129,"type":"binary-expr","locations":[{"start":{"line":129,"column":18},"end":{"line":129,"column":25}},{"start":{"line":129,"column":29},"end":{"line":129,"column":44}}]},"5":{"line":153,"type":"if","locations":[{"start":{"line":153,"column":6},"end":{"line":153,"column":6}},{"start":{"line":153,"column":6},"end":{"line":153,"column":6}}]},"6":{"line":153,"type":"binary-expr","locations":[{"start":{"line":153,"column":10},"end":{"line":153,"column":34}},{"start":{"line":153,"column":38},"end":{"line":153,"column":64}}]}}},"d:\\Workspace\\Laicos\\Source\\ibhs\\ibhs_api\\api\\services\\CommonFactory.js":{"path":"d:\\Workspace\\Laicos\\Source\\ibhs\\ibhs_api\\api\\services\\CommonFactory.js","s":{"1":1,"2":0,"3":0,"4":0,"5":0,"6":0,"7":0,"8":0,"9":0,"10":0,"11":194,"12":194,"13":194,"14":194,"15":194,"16":194,"17":194,"18":194,"19":0,"20":0,"21":0,"22":0},"b":{"1":[0,0,0],"2":[0,0],"3":[0,0],"4":[194,0],"5":[194,0]},"f":{"1":0,"2":0,"3":0,"4":194},"fnMap":{"1":{"name":"(anonymous_1)","line":5,"loc":{"start":{"line":5,"column":19},"end":{"line":5,"column":32}}},"2":{"name":"(anonymous_2)","line":11,"loc":{"start":{"line":11,"column":12},"end":{"line":11,"column":25}}},"3":{"name":"(anonymous_3)","line":15,"loc":{"start":{"line":15,"column":19},"end":{"line":15,"column":34}}},"4":{"name":"(anonymous_4)","line":32,"loc":{"start":{"line":32,"column":25},"end":{"line":32,"column":45}}}},"statementMap":{"1":{"start":{"line":3,"column":0},"end":{"line":67,"column":2}},"2":{"start":{"line":7,"column":8},"end":{"line":7,"column":61}},"3":{"start":{"line":12,"column":8},"end":{"line":12,"column":48}},"4":{"start":{"line":16,"column":8},"end":{"line":16,"column":23}},"5":{"start":{"line":17,"column":8},"end":{"line":17,"column":23}},"6":{"start":{"line":19,"column":8},"end":{"line":27,"column":9}},"7":{"start":{"line":21,"column":12},"end":{"line":21,"column":28}},"8":{"start":{"line":23,"column":12},"end":{"line":25,"column":13}},"9":{"start":{"line":24,"column":16},"end":{"line":24,"column":45}},"10":{"start":{"line":29,"column":8},"end":{"line":29,"column":31}},"11":{"start":{"line":33,"column":8},"end":{"line":64,"column":9}},"12":{"start":{"line":35,"column":12},"end":{"line":59,"column":13}},"13":{"start":{"line":37,"column":16},"end":{"line":37,"column":32}},"14":{"start":{"line":40,"column":16},"end":{"line":40,"column":80}},"15":{"start":{"line":43,"column":16},"end":{"line":43,"column":49}},"16":{"start":{"line":45,"column":16},"end":{"line":52,"column":17}},"17":{"start":{"line":46,"column":20},"end":{"line":51,"column":22}},"18":{"start":{"line":54,"column":16},"end":{"line":54,"column":28}},"19":{"start":{"line":57,"column":16},"end":{"line":57,"column":99}},"20":{"start":{"line":58,"column":16},"end":{"line":58,"column":28}},"21":{"start":{"line":62,"column":12},"end":{"line":62,"column":92}},"22":{"start":{"line":63,"column":12},"end":{"line":63,"column":24}}},"branchMap":{"1":{"line":7,"type":"binary-expr","locations":[{"start":{"line":7,"column":15},"end":{"line":7,"column":32}},{"start":{"line":7,"column":36},"end":{"line":7,"column":47}},{"start":{"line":7,"column":51},"end":{"line":7,"column":60}}]},"2":{"line":12,"type":"binary-expr","locations":[{"start":{"line":12,"column":15},"end":{"line":12,"column":32}},{"start":{"line":12,"column":36},"end":{"line":12,"column":47}}]},"3":{"line":23,"type":"if","locations":[{"start":{"line":23,"column":12},"end":{"line":23,"column":12}},{"start":{"line":23,"column":12},"end":{"line":23,"column":12}}]},"4":{"line":35,"type":"if","locations":[{"start":{"line":35,"column":12},"end":{"line":35,"column":12}},{"start":{"line":35,"column":12},"end":{"line":35,"column":12}}]},"5":{"line":45,"type":"if","locations":[{"start":{"line":45,"column":16},"end":{"line":45,"column":16}},{"start":{"line":45,"column":16},"end":{"line":45,"column":16}}]}}},"d:\\Workspace\\Laicos\\Source\\ibhs\\ibhs_api\\api\\services\\Email.js":{"path":"d:\\Workspace\\Laicos\\Source\\ibhs\\ibhs_api\\api\\services\\Email.js","s":{"1":1,"2":1,"3":0,"4":0,"5":0,"6":0,"7":0,"8":0,"9":0,"10":0,"11":1,"12":1,"13":0,"14":0,"15":0},"b":{"1":[0,0],"2":[0,0],"3":[0,0],"4":[0,0]},"f":{"1":0,"2":0,"3":0},"fnMap":{"1":{"name":"(anonymous_1)","line":5,"loc":{"start":{"line":5,"column":8},"end":{"line":5,"column":24}}},"2":{"name":"(anonymous_2)","line":14,"loc":{"start":{"line":14,"column":36},"end":{"line":14,"column":59}}},"3":{"name":"createTransport","line":27,"loc":{"start":{"line":27,"column":0},"end":{"line":27,"column":33}}}},"statementMap":{"1":{"start":{"line":1,"column":0},"end":{"line":2,"column":23}},"2":{"start":{"line":4,"column":0},"end":{"line":22,"column":1}},"3":{"start":{"line":6,"column":4},"end":{"line":8,"column":5}},"4":{"start":{"line":7,"column":6},"end":{"line":7,"column":41}},"5":{"start":{"line":10,"column":4},"end":{"line":12,"column":5}},"6":{"start":{"line":11,"column":6},"end":{"line":11,"column":82}},"7":{"start":{"line":14,"column":4},"end":{"line":20,"column":6}},"8":{"start":{"line":15,"column":6},"end":{"line":19,"column":7}},"9":{"start":{"line":16,"column":8},"end":{"line":16,"column":26}},"10":{"start":{"line":18,"column":8},"end":{"line":18,"column":62}},"11":{"start":{"line":24,"column":0},"end":{"line":24,"column":22}},"12":{"start":{"line":27,"column":0},"end":{"line":32,"column":1}},"13":{"start":{"line":28,"column":2},"end":{"line":30,"column":3}},"14":{"start":{"line":29,"column":4},"end":{"line":29,"column":80}},"15":{"start":{"line":31,"column":2},"end":{"line":31,"column":55}}},"branchMap":{"1":{"line":6,"type":"if","locations":[{"start":{"line":6,"column":4},"end":{"line":6,"column":4}},{"start":{"line":6,"column":4},"end":{"line":6,"column":4}}]},"2":{"line":10,"type":"if","locations":[{"start":{"line":10,"column":4},"end":{"line":10,"column":4}},{"start":{"line":10,"column":4},"end":{"line":10,"column":4}}]},"3":{"line":15,"type":"if","locations":[{"start":{"line":15,"column":6},"end":{"line":15,"column":6}},{"start":{"line":15,"column":6},"end":{"line":15,"column":6}}]},"4":{"line":28,"type":"if","locations":[{"start":{"line":28,"column":2},"end":{"line":28,"column":2}},{"start":{"line":28,"column":2},"end":{"line":28,"column":2}}]}}},"d:\\Workspace\\Laicos\\Source\\ibhs\\ibhs_api\\api\\services\\FileCacheFactory.js":{"path":"d:\\Workspace\\Laicos\\Source\\ibhs\\ibhs_api\\api\\services\\FileCacheFactory.js","s":{"1":1,"2":1,"3":1,"4":194,"5":194,"6":194,"7":194,"8":194,"9":194,"10":0,"11":0,"12":1,"13":1,"14":1,"15":1,"16":21,"17":194,"18":194,"19":194,"20":194,"21":183,"22":11,"23":1,"24":1,"25":11,"26":753,"27":1,"28":29,"29":1,"30":0,"31":0,"32":1,"33":1,"34":1,"35":13,"36":1,"37":1,"38":1,"39":1,"40":1,"41":0,"42":1,"43":1,"44":0,"45":0,"46":0,"47":0,"48":0,"49":1,"50":1,"51":1,"52":1,"53":1,"54":1,"55":1,"56":1,"57":1,"58":1,"59":1,"60":0,"61":1,"62":1,"63":0,"64":0,"65":1,"66":1,"67":1,"68":0,"69":0,"70":1,"71":1,"72":1,"73":1,"74":1,"75":1,"76":0,"77":0,"78":1,"79":1,"80":7,"81":1,"82":1,"83":1,"84":0,"85":0,"86":0,"87":0,"88":1,"89":1,"90":1,"91":1,"92":0,"93":0,"94":1,"95":1},"b":{"1":[194,0],"2":[194,0],"3":[194,0],"4":[194,194],"5":[194,0],"6":[183,11],"7":[442,311],"8":[311,0],"9":[18,11],"10":[11,0],"11":[1,0],"12":[0,1],"13":[0,0],"14":[1,0],"15":[1,1],"16":[1,0],"17":[0,1],"18":[0,1],"19":[1,0],"20":[1,1],"21":[0,1],"22":[1,0],"23":[1,1,1],"24":[1,6],"25":[0,1]},"f":{"1":194,"2":1,"3":21,"4":194,"5":753,"6":29,"7":1,"8":1,"9":1,"10":1,"11":1,"12":0,"13":1,"14":1,"15":1,"16":1,"17":1,"18":1,"19":1,"20":1,"21":1},"fnMap":{"1":{"name":"(anonymous_1)","line":8,"loc":{"start":{"line":8,"column":15},"end":{"line":8,"column":39}}},"2":{"name":"(anonymous_2)","line":43,"loc":{"start":{"line":43,"column":18},"end":{"line":43,"column":57}}},"3":{"name":"(anonymous_3)","line":51,"loc":{"start":{"line":51,"column":34},"end":{"line":51,"column":57}}},"4":{"name":"(anonymous_4)","line":54,"loc":{"start":{"line":54,"column":45},"end":{"line":54,"column":61}}},"5":{"name":"(anonymous_5)","line":89,"loc":{"start":{"line":89,"column":48},"end":{"line":89,"column":64}}},"6":{"name":"(anonymous_6)","line":94,"loc":{"start":{"line":94,"column":27},"end":{"line":94,"column":43}}},"7":{"name":"(anonymous_7)","line":108,"loc":{"start":{"line":108,"column":24},"end":{"line":108,"column":44}}},"8":{"name":"(anonymous_8)","line":120,"loc":{"start":{"line":120,"column":22},"end":{"line":120,"column":45}}},"9":{"name":"(anonymous_9)","line":125,"loc":{"start":{"line":125,"column":23},"end":{"line":125,"column":46}}},"10":{"name":"(anonymous_10)","line":130,"loc":{"start":{"line":130,"column":23},"end":{"line":130,"column":42}}},"11":{"name":"(anonymous_11)","line":139,"loc":{"start":{"line":139,"column":25},"end":{"line":139,"column":45}}},"12":{"name":"(anonymous_12)","line":147,"loc":{"start":{"line":147,"column":39},"end":{"line":147,"column":60}}},"13":{"name":"(anonymous_13)","line":175,"loc":{"start":{"line":175,"column":9},"end":{"line":175,"column":31}}},"14":{"name":"(anonymous_14)","line":177,"loc":{"start":{"line":177,"column":32},"end":{"line":177,"column":67}}},"15":{"name":"(anonymous_15)","line":200,"loc":{"start":{"line":200,"column":56},"end":{"line":200,"column":78}}},"16":{"name":"(anonymous_16)","line":228,"loc":{"start":{"line":228,"column":13},"end":{"line":228,"column":32}}},"17":{"name":"(anonymous_17)","line":230,"loc":{"start":{"line":230,"column":32},"end":{"line":230,"column":67}}},"18":{"name":"(anonymous_18)","line":236,"loc":{"start":{"line":236,"column":48},"end":{"line":236,"column":66}}},"19":{"name":"(anonymous_19)","line":273,"loc":{"start":{"line":273,"column":16},"end":{"line":273,"column":28}}},"20":{"name":"(anonymous_20)","line":275,"loc":{"start":{"line":275,"column":32},"end":{"line":275,"column":67}}},"21":{"name":"(anonymous_21)","line":278,"loc":{"start":{"line":278,"column":36},"end":{"line":278,"column":58}}}},"statementMap":{"1":{"start":{"line":2,"column":0},"end":{"line":2,"column":21}},"2":{"start":{"line":3,"column":0},"end":{"line":3,"column":29}},"3":{"start":{"line":6,"column":0},"end":{"line":104,"column":2}},"4":{"start":{"line":10,"column":8},"end":{"line":37,"column":9}},"5":{"start":{"line":13,"column":12},"end":{"line":13,"column":68}},"6":{"start":{"line":14,"column":12},"end":{"line":14,"column":31}},"7":{"start":{"line":16,"column":12},"end":{"line":28,"column":13}},"8":{"start":{"line":19,"column":16},"end":{"line":27,"column":18}},"9":{"start":{"line":30,"column":12},"end":{"line":30,"column":27}},"10":{"start":{"line":35,"column":12},"end":{"line":35,"column":101}},"11":{"start":{"line":36,"column":12},"end":{"line":36,"column":24}},"12":{"start":{"line":45,"column":8},"end":{"line":101,"column":9}},"13":{"start":{"line":47,"column":12},"end":{"line":47,"column":27}},"14":{"start":{"line":48,"column":12},"end":{"line":48,"column":30}},"15":{"start":{"line":51,"column":12},"end":{"line":81,"column":15}},"16":{"start":{"line":54,"column":16},"end":{"line":79,"column":19}},"17":{"start":{"line":57,"column":20},"end":{"line":78,"column":21}},"18":{"start":{"line":60,"column":24},"end":{"line":60,"column":84}},"19":{"start":{"line":63,"column":24},"end":{"line":75,"column":25}},"20":{"start":{"line":65,"column":28},"end":{"line":74,"column":29}},"21":{"start":{"line":68,"column":32},"end":{"line":68,"column":62}},"22":{"start":{"line":72,"column":32},"end":{"line":72,"column":60}},"23":{"start":{"line":84,"column":12},"end":{"line":84,"column":31}},"24":{"start":{"line":85,"column":12},"end":{"line":91,"column":13}},"25":{"start":{"line":86,"column":16},"end":{"line":90,"column":19}},"26":{"start":{"line":89,"column":66},"end":{"line":89,"column":124}},"27":{"start":{"line":94,"column":12},"end":{"line":94,"column":111}},"28":{"start":{"line":94,"column":45},"end":{"line":94,"column":107}},"29":{"start":{"line":96,"column":12},"end":{"line":96,"column":29}},"30":{"start":{"line":99,"column":12},"end":{"line":99,"column":104}},"31":{"start":{"line":100,"column":12},"end":{"line":100,"column":24}},"32":{"start":{"line":106,"column":0},"end":{"line":169,"column":2}},"33":{"start":{"line":111,"column":8},"end":{"line":111,"column":22}},"34":{"start":{"line":112,"column":8},"end":{"line":114,"column":9}},"35":{"start":{"line":113,"column":12},"end":{"line":113,"column":56}},"36":{"start":{"line":116,"column":8},"end":{"line":116,"column":29}},"37":{"start":{"line":122,"column":8},"end":{"line":122,"column":81}},"38":{"start":{"line":127,"column":8},"end":{"line":127,"column":81}},"39":{"start":{"line":132,"column":8},"end":{"line":134,"column":9}},"40":{"start":{"line":133,"column":12},"end":{"line":133,"column":96}},"41":{"start":{"line":136,"column":8},"end":{"line":136,"column":20}},"42":{"start":{"line":141,"column":8},"end":{"line":141,"column":27}},"43":{"start":{"line":143,"column":8},"end":{"line":165,"column":9}},"44":{"start":{"line":144,"column":12},"end":{"line":144,"column":25}},"45":{"start":{"line":147,"column":12},"end":{"line":164,"column":15}},"46":{"start":{"line":149,"column":16},"end":{"line":153,"column":19}},"47":{"start":{"line":156,"column":16},"end":{"line":162,"column":17}},"48":{"start":{"line":157,"column":20},"end":{"line":161,"column":23}},"49":{"start":{"line":167,"column":8},"end":{"line":167,"column":23}},"50":{"start":{"line":173,"column":0},"end":{"line":294,"column":2}},"51":{"start":{"line":177,"column":8},"end":{"line":222,"column":11}},"52":{"start":{"line":179,"column":12},"end":{"line":221,"column":13}},"53":{"start":{"line":182,"column":16},"end":{"line":182,"column":81}},"54":{"start":{"line":185,"column":16},"end":{"line":186,"column":75}},"55":{"start":{"line":188,"column":16},"end":{"line":188,"column":81}},"56":{"start":{"line":189,"column":16},"end":{"line":191,"column":17}},"57":{"start":{"line":190,"column":20},"end":{"line":190,"column":47}},"58":{"start":{"line":194,"column":16},"end":{"line":194,"column":89}},"59":{"start":{"line":195,"column":16},"end":{"line":197,"column":17}},"60":{"start":{"line":196,"column":20},"end":{"line":196,"column":52}},"61":{"start":{"line":200,"column":16},"end":{"line":218,"column":19}},"62":{"start":{"line":202,"column":20},"end":{"line":216,"column":21}},"63":{"start":{"line":203,"column":24},"end":{"line":203,"column":88}},"64":{"start":{"line":204,"column":24},"end":{"line":204,"column":34}},"65":{"start":{"line":207,"column":24},"end":{"line":214,"column":25}},"66":{"start":{"line":209,"column":28},"end":{"line":209,"column":99}},"67":{"start":{"line":211,"column":28},"end":{"line":211,"column":67}},"68":{"start":{"line":213,"column":28},"end":{"line":213,"column":68}},"69":{"start":{"line":220,"column":16},"end":{"line":220,"column":52}},"70":{"start":{"line":224,"column":8},"end":{"line":224,"column":23}},"71":{"start":{"line":230,"column":8},"end":{"line":266,"column":11}},"72":{"start":{"line":232,"column":12},"end":{"line":264,"column":13}},"73":{"start":{"line":234,"column":16},"end":{"line":234,"column":77}},"74":{"start":{"line":236,"column":16},"end":{"line":259,"column":19}},"75":{"start":{"line":237,"column":20},"end":{"line":258,"column":21}},"76":{"start":{"line":238,"column":24},"end":{"line":238,"column":92}},"77":{"start":{"line":239,"column":24},"end":{"line":239,"column":34}},"78":{"start":{"line":242,"column":24},"end":{"line":256,"column":25}},"79":{"start":{"line":244,"column":28},"end":{"line":249,"column":29}},"80":{"start":{"line":245,"column":32},"end":{"line":248,"column":33}},"81":{"start":{"line":246,"column":36},"end":{"line":246,"column":58}},"82":{"start":{"line":247,"column":36},"end":{"line":247,"column":42}},"83":{"start":{"line":251,"column":28},"end":{"line":251,"column":42}},"84":{"start":{"line":254,"column":28},"end":{"line":254,"column":141}},"85":{"start":{"line":255,"column":28},"end":{"line":255,"column":42}},"86":{"start":{"line":262,"column":16},"end":{"line":262,"column":87}},"87":{"start":{"line":263,"column":16},"end":{"line":263,"column":78}},"88":{"start":{"line":268,"column":8},"end":{"line":268,"column":23}},"89":{"start":{"line":275,"column":8},"end":{"line":290,"column":11}},"90":{"start":{"line":278,"column":12},"end":{"line":289,"column":15}},"91":{"start":{"line":280,"column":16},"end":{"line":287,"column":17}},"92":{"start":{"line":281,"column":20},"end":{"line":281,"column":91}},"93":{"start":{"line":282,"column":20},"end":{"line":282,"column":30}},"94":{"start":{"line":285,"column":20},"end":{"line":285,"column":37}},"95":{"start":{"line":292,"column":8},"end":{"line":292,"column":23}}},"branchMap":{"1":{"line":16,"type":"if","locations":[{"start":{"line":16,"column":12},"end":{"line":16,"column":12}},{"start":{"line":16,"column":12},"end":{"line":16,"column":12}}]},"2":{"line":22,"type":"cond-expr","locations":[{"start":{"line":22,"column":48},"end":{"line":22,"column":76}},{"start":{"line":22,"column":79},"end":{"line":22,"column":83}}]},"3":{"line":57,"type":"if","locations":[{"start":{"line":57,"column":20},"end":{"line":57,"column":20}},{"start":{"line":57,"column":20},"end":{"line":57,"column":20}}]},"4":{"line":57,"type":"binary-expr","locations":[{"start":{"line":57,"column":24},"end":{"line":57,"column":28}},{"start":{"line":57,"column":32},"end":{"line":57,"column":47}}]},"5":{"line":63,"type":"if","locations":[{"start":{"line":63,"column":24},"end":{"line":63,"column":24}},{"start":{"line":63,"column":24},"end":{"line":63,"column":24}}]},"6":{"line":65,"type":"if","locations":[{"start":{"line":65,"column":28},"end":{"line":65,"column":28}},{"start":{"line":65,"column":28},"end":{"line":65,"column":28}}]},"7":{"line":89,"type":"cond-expr","locations":[{"start":{"line":89,"column":93},"end":{"line":89,"column":94}},{"start":{"line":89,"column":97},"end":{"line":89,"column":123}}]},"8":{"line":89,"type":"cond-expr","locations":[{"start":{"line":89,"column":117},"end":{"line":89,"column":119}},{"start":{"line":89,"column":122},"end":{"line":89,"column":123}}]},"9":{"line":94,"type":"cond-expr","locations":[{"start":{"line":94,"column":74},"end":{"line":94,"column":75}},{"start":{"line":94,"column":78},"end":{"line":94,"column":106}}]},"10":{"line":94,"type":"cond-expr","locations":[{"start":{"line":94,"column":100},"end":{"line":94,"column":102}},{"start":{"line":94,"column":105},"end":{"line":94,"column":106}}]},"11":{"line":132,"type":"if","locations":[{"start":{"line":132,"column":8},"end":{"line":132,"column":8}},{"start":{"line":132,"column":8},"end":{"line":132,"column":8}}]},"12":{"line":143,"type":"if","locations":[{"start":{"line":143,"column":8},"end":{"line":143,"column":8}},{"start":{"line":143,"column":8},"end":{"line":143,"column":8}}]},"13":{"line":156,"type":"if","locations":[{"start":{"line":156,"column":16},"end":{"line":156,"column":16}},{"start":{"line":156,"column":16},"end":{"line":156,"column":16}}]},"14":{"line":179,"type":"if","locations":[{"start":{"line":179,"column":12},"end":{"line":179,"column":12}},{"start":{"line":179,"column":12},"end":{"line":179,"column":12}}]},"15":{"line":179,"type":"binary-expr","locations":[{"start":{"line":179,"column":16},"end":{"line":179,"column":20}},{"start":{"line":179,"column":24},"end":{"line":179,"column":28}}]},"16":{"line":189,"type":"if","locations":[{"start":{"line":189,"column":16},"end":{"line":189,"column":16}},{"start":{"line":189,"column":16},"end":{"line":189,"column":16}}]},"17":{"line":195,"type":"if","locations":[{"start":{"line":195,"column":16},"end":{"line":195,"column":16}},{"start":{"line":195,"column":16},"end":{"line":195,"column":16}}]},"18":{"line":202,"type":"if","locations":[{"start":{"line":202,"column":20},"end":{"line":202,"column":20}},{"start":{"line":202,"column":20},"end":{"line":202,"column":20}}]},"19":{"line":207,"type":"if","locations":[{"start":{"line":207,"column":24},"end":{"line":207,"column":24}},{"start":{"line":207,"column":24},"end":{"line":207,"column":24}}]},"20":{"line":207,"type":"binary-expr","locations":[{"start":{"line":207,"column":28},"end":{"line":207,"column":35}},{"start":{"line":207,"column":39},"end":{"line":207,"column":57}}]},"21":{"line":237,"type":"if","locations":[{"start":{"line":237,"column":20},"end":{"line":237,"column":20}},{"start":{"line":237,"column":20},"end":{"line":237,"column":20}}]},"22":{"line":242,"type":"if","locations":[{"start":{"line":242,"column":24},"end":{"line":242,"column":24}},{"start":{"line":242,"column":24},"end":{"line":242,"column":24}}]},"23":{"line":242,"type":"binary-expr","locations":[{"start":{"line":242,"column":28},"end":{"line":242,"column":31}},{"start":{"line":242,"column":35},"end":{"line":242,"column":44}},{"start":{"line":242,"column":48},"end":{"line":242,"column":68}}]},"24":{"line":245,"type":"if","locations":[{"start":{"line":245,"column":32},"end":{"line":245,"column":32}},{"start":{"line":245,"column":32},"end":{"line":245,"column":32}}]},"25":{"line":280,"type":"if","locations":[{"start":{"line":280,"column":16},"end":{"line":280,"column":16}},{"start":{"line":280,"column":16},"end":{"line":280,"column":16}}]}}},"d:\\Workspace\\Laicos\\Source\\ibhs\\ibhs_api\\api\\services\\FileStoreFactory.js":{"path":"d:\\Workspace\\Laicos\\Source\\ibhs\\ibhs_api\\api\\services\\FileStoreFactory.js","s":{"1":1,"2":1,"3":1,"4":1,"5":1,"6":1,"7":1,"8":0,"9":0,"10":0,"11":0,"12":0,"13":0,"14":0,"15":0,"16":0,"17":0,"18":0,"19":0,"20":0,"21":0,"22":0,"23":0,"24":0,"25":0,"26":0,"27":0,"28":0,"29":0,"30":0,"31":0,"32":0,"33":0,"34":0,"35":0,"36":0,"37":0,"38":0,"39":0,"40":0,"41":0,"42":0,"43":0,"44":0,"45":0,"46":0,"47":0,"48":0,"49":0,"50":0,"51":0,"52":0,"53":0,"54":0,"55":0,"56":0,"57":0,"58":0,"59":0,"60":0,"61":0,"62":0,"63":0,"64":0,"65":0,"66":0,"67":0,"68":0,"69":0,"70":0,"71":0,"72":0,"73":0,"74":0,"75":0,"76":0,"77":0,"78":0,"79":0,"80":0,"81":0,"82":0,"83":0,"84":0,"85":0,"86":0,"87":0,"88":0,"89":0,"90":0,"91":0,"92":0,"93":0,"94":0,"95":0,"96":0,"97":0,"98":0,"99":0},"b":{"1":[0,0],"2":[0,0],"3":[0,0,0,0,0,0],"4":[0,0],"5":[0,0],"6":[0,0],"7":[0,0],"8":[0,0],"9":[0,0],"10":[0,0],"11":[0,0],"12":[0,0],"13":[0,0],"14":[0,0],"15":[0,0,0],"16":[0,0],"17":[0,0],"18":[0,0],"19":[0,0],"20":[0,0],"21":[0,0,0,0,0,0],"22":[0,0]},"f":{"1":0,"2":0,"3":0,"4":0,"5":0,"6":0,"7":0,"8":0,"9":0,"10":0,"11":0,"12":0,"13":0,"14":0,"15":0,"16":0,"17":0,"18":0},"fnMap":{"1":{"name":"(anonymous_1)","line":19,"loc":{"start":{"line":19,"column":13},"end":{"line":19,"column":23}}},"2":{"name":"(anonymous_2)","line":24,"loc":{"start":{"line":24,"column":15},"end":{"line":24,"column":27}}},"3":{"name":"(anonymous_3)","line":26,"loc":{"start":{"line":26,"column":32},"end":{"line":26,"column":67}}},"4":{"name":"(anonymous_4)","line":42,"loc":{"start":{"line":42,"column":19},"end":{"line":42,"column":51}}},"5":{"name":"(anonymous_5)","line":83,"loc":{"start":{"line":83,"column":19},"end":{"line":83,"column":29}}},"6":{"name":"(anonymous_6)","line":85,"loc":{"start":{"line":85,"column":32},"end":{"line":85,"column":67}}},"7":{"name":"(anonymous_7)","line":100,"loc":{"start":{"line":100,"column":33},"end":{"line":100,"column":65}}},"8":{"name":"(anonymous_8)","line":125,"loc":{"start":{"line":125,"column":14},"end":{"line":125,"column":30}}},"9":{"name":"(anonymous_9)","line":127,"loc":{"start":{"line":127,"column":36},"end":{"line":127,"column":71}}},"10":{"name":"(anonymous_10)","line":152,"loc":{"start":{"line":152,"column":41},"end":{"line":152,"column":73}}},"11":{"name":"(anonymous_11)","line":192,"loc":{"start":{"line":192,"column":18},"end":{"line":192,"column":34}}},"12":{"name":"(anonymous_12)","line":243,"loc":{"start":{"line":243,"column":13},"end":{"line":243,"column":29}}},"13":{"name":"(anonymous_13)","line":260,"loc":{"start":{"line":260,"column":16},"end":{"line":260,"column":91}}},"14":{"name":"(anonymous_14)","line":262,"loc":{"start":{"line":262,"column":36},"end":{"line":262,"column":71}}},"15":{"name":"(anonymous_15)","line":301,"loc":{"start":{"line":301,"column":37},"end":{"line":301,"column":69}}},"16":{"name":"(anonymous_16)","line":337,"loc":{"start":{"line":337,"column":16},"end":{"line":337,"column":32}}},"17":{"name":"(anonymous_17)","line":339,"loc":{"start":{"line":339,"column":36},"end":{"line":339,"column":71}}},"18":{"name":"(anonymous_18)","line":357,"loc":{"start":{"line":357,"column":38},"end":{"line":357,"column":70}}}},"statementMap":{"1":{"start":{"line":5,"column":0},"end":{"line":5,"column":30}},"2":{"start":{"line":6,"column":0},"end":{"line":6,"column":21}},"3":{"start":{"line":7,"column":0},"end":{"line":7,"column":33}},"4":{"start":{"line":8,"column":0},"end":{"line":8,"column":67}},"5":{"start":{"line":12,"column":0},"end":{"line":12,"column":38}},"6":{"start":{"line":13,"column":0},"end":{"line":15,"column":3}},"7":{"start":{"line":17,"column":0},"end":{"line":391,"column":2}},"8":{"start":{"line":21,"column":8},"end":{"line":21,"column":71}},"9":{"start":{"line":26,"column":8},"end":{"line":77,"column":11}},"10":{"start":{"line":29,"column":12},"end":{"line":75,"column":13}},"11":{"start":{"line":31,"column":16},"end":{"line":70,"column":19}},"12":{"start":{"line":44,"column":20},"end":{"line":68,"column":21}},"13":{"start":{"line":46,"column":24},"end":{"line":46,"column":128}},"14":{"start":{"line":48,"column":24},"end":{"line":62,"column":25}},"15":{"start":{"line":51,"column":28},"end":{"line":58,"column":29}},"16":{"start":{"line":53,"column":32},"end":{"line":53,"column":81}},"17":{"start":{"line":55,"column":32},"end":{"line":55,"column":115}},"18":{"start":{"line":57,"column":32},"end":{"line":57,"column":98}},"19":{"start":{"line":61,"column":28},"end":{"line":61,"column":72}},"20":{"start":{"line":66,"column":24},"end":{"line":66,"column":97}},"21":{"start":{"line":67,"column":24},"end":{"line":67,"column":81}},"22":{"start":{"line":74,"column":16},"end":{"line":74,"column":77}},"23":{"start":{"line":79,"column":8},"end":{"line":79,"column":23}},"24":{"start":{"line":85,"column":8},"end":{"line":118,"column":11}},"25":{"start":{"line":88,"column":12},"end":{"line":95,"column":14}},"26":{"start":{"line":97,"column":12},"end":{"line":97,"column":101}},"27":{"start":{"line":100,"column":12},"end":{"line":116,"column":15}},"28":{"start":{"line":102,"column":16},"end":{"line":114,"column":17}},"29":{"start":{"line":104,"column":20},"end":{"line":108,"column":21}},"30":{"start":{"line":105,"column":24},"end":{"line":105,"column":38}},"31":{"start":{"line":107,"column":24},"end":{"line":107,"column":66}},"32":{"start":{"line":111,"column":20},"end":{"line":111,"column":97}},"33":{"start":{"line":112,"column":20},"end":{"line":112,"column":71}},"34":{"start":{"line":120,"column":8},"end":{"line":120,"column":23}},"35":{"start":{"line":127,"column":12},"end":{"line":186,"column":15}},"36":{"start":{"line":129,"column":16},"end":{"line":183,"column":17}},"37":{"start":{"line":136,"column":20},"end":{"line":146,"column":22}},"38":{"start":{"line":148,"column":20},"end":{"line":148,"column":105}},"39":{"start":{"line":152,"column":20},"end":{"line":180,"column":23}},"40":{"start":{"line":154,"column":24},"end":{"line":178,"column":25}},"41":{"start":{"line":156,"column":28},"end":{"line":156,"column":132}},"42":{"start":{"line":158,"column":28},"end":{"line":172,"column":29}},"43":{"start":{"line":159,"column":32},"end":{"line":159,"column":116}},"44":{"start":{"line":160,"column":32},"end":{"line":160,"column":87}},"45":{"start":{"line":161,"column":35},"end":{"line":172,"column":29}},"46":{"start":{"line":162,"column":32},"end":{"line":162,"column":111}},"47":{"start":{"line":163,"column":32},"end":{"line":163,"column":89}},"48":{"start":{"line":166,"column":32},"end":{"line":170,"column":33}},"49":{"start":{"line":167,"column":36},"end":{"line":167,"column":105}},"50":{"start":{"line":169,"column":36},"end":{"line":169,"column":110}},"51":{"start":{"line":175,"column":28},"end":{"line":175,"column":101}},"52":{"start":{"line":176,"column":28},"end":{"line":176,"column":92}},"53":{"start":{"line":182,"column":20},"end":{"line":182,"column":84}},"54":{"start":{"line":188,"column":12},"end":{"line":188,"column":27}},"55":{"start":{"line":196,"column":12},"end":{"line":196,"column":89}},"56":{"start":{"line":199,"column":16},"end":{"line":208,"column":18}},"57":{"start":{"line":210,"column":16},"end":{"line":210,"column":153}},"58":{"start":{"line":211,"column":16},"end":{"line":211,"column":40}},"59":{"start":{"line":245,"column":12},"end":{"line":245,"column":51}},"60":{"start":{"line":247,"column":12},"end":{"line":256,"column":13}},"61":{"start":{"line":250,"column":16},"end":{"line":250,"column":68}},"62":{"start":{"line":253,"column":16},"end":{"line":253,"column":88}},"63":{"start":{"line":254,"column":16},"end":{"line":254,"column":73}},"64":{"start":{"line":262,"column":12},"end":{"line":329,"column":15}},"65":{"start":{"line":264,"column":16},"end":{"line":327,"column":17}},"66":{"start":{"line":267,"column":20},"end":{"line":277,"column":22}},"67":{"start":{"line":280,"column":20},"end":{"line":282,"column":21}},"68":{"start":{"line":281,"column":24},"end":{"line":281,"column":49}},"69":{"start":{"line":284,"column":20},"end":{"line":286,"column":21}},"70":{"start":{"line":285,"column":24},"end":{"line":285,"column":51}},"71":{"start":{"line":288,"column":20},"end":{"line":290,"column":21}},"72":{"start":{"line":289,"column":24},"end":{"line":289,"column":51}},"73":{"start":{"line":292,"column":20},"end":{"line":294,"column":21}},"74":{"start":{"line":293,"column":24},"end":{"line":293,"column":82}},"75":{"start":{"line":296,"column":20},"end":{"line":298,"column":21}},"76":{"start":{"line":297,"column":24},"end":{"line":297,"column":80}},"77":{"start":{"line":301,"column":20},"end":{"line":322,"column":23}},"78":{"start":{"line":303,"column":24},"end":{"line":320,"column":25}},"79":{"start":{"line":305,"column":28},"end":{"line":305,"column":140}},"80":{"start":{"line":307,"column":28},"end":{"line":314,"column":29}},"81":{"start":{"line":310,"column":32},"end":{"line":310,"column":111}},"82":{"start":{"line":313,"column":32},"end":{"line":313,"column":88}},"83":{"start":{"line":317,"column":28},"end":{"line":317,"column":103}},"84":{"start":{"line":318,"column":28},"end":{"line":318,"column":90}},"85":{"start":{"line":325,"column":20},"end":{"line":325,"column":103}},"86":{"start":{"line":326,"column":20},"end":{"line":326,"column":82}},"87":{"start":{"line":331,"column":12},"end":{"line":331,"column":27}},"88":{"start":{"line":339,"column":12},"end":{"line":382,"column":15}},"89":{"start":{"line":343,"column":16},"end":{"line":352,"column":18}},"90":{"start":{"line":354,"column":16},"end":{"line":354,"column":105}},"91":{"start":{"line":357,"column":16},"end":{"line":379,"column":19}},"92":{"start":{"line":359,"column":20},"end":{"line":377,"column":21}},"93":{"start":{"line":363,"column":24},"end":{"line":371,"column":25}},"94":{"start":{"line":365,"column":28},"end":{"line":365,"column":101}},"95":{"start":{"line":366,"column":28},"end":{"line":366,"column":83}},"96":{"start":{"line":369,"column":28},"end":{"line":369,"column":97}},"97":{"start":{"line":374,"column":24},"end":{"line":374,"column":107}},"98":{"start":{"line":375,"column":24},"end":{"line":375,"column":76}},"99":{"start":{"line":384,"column":12},"end":{"line":384,"column":27}}},"branchMap":{"1":{"line":29,"type":"if","locations":[{"start":{"line":29,"column":12},"end":{"line":29,"column":12}},{"start":{"line":29,"column":12},"end":{"line":29,"column":12}}]},"2":{"line":48,"type":"if","locations":[{"start":{"line":48,"column":24},"end":{"line":48,"column":24}},{"start":{"line":48,"column":24},"end":{"line":48,"column":24}}]},"3":{"line":48,"type":"binary-expr","locations":[{"start":{"line":48,"column":28},"end":{"line":48,"column":46}},{"start":{"line":48,"column":50},"end":{"line":48,"column":63}},{"start":{"line":48,"column":67},"end":{"line":48,"column":73}},{"start":{"line":49,"column":31},"end":{"line":49,"column":51}},{"start":{"line":49,"column":55},"end":{"line":49,"column":70}},{"start":{"line":49,"column":74},"end":{"line":49,"column":87}}]},"4":{"line":51,"type":"if","locations":[{"start":{"line":51,"column":28},"end":{"line":51,"column":28}},{"start":{"line":51,"column":28},"end":{"line":51,"column":28}}]},"5":{"line":51,"type":"binary-expr","locations":[{"start":{"line":51,"column":32},"end":{"line":51,"column":39}},{"start":{"line":51,"column":43},"end":{"line":51,"column":63}}]},"6":{"line":104,"type":"if","locations":[{"start":{"line":104,"column":20},"end":{"line":104,"column":20}},{"start":{"line":104,"column":20},"end":{"line":104,"column":20}}]},"7":{"line":104,"type":"binary-expr","locations":[{"start":{"line":104,"column":24},"end":{"line":104,"column":29}},{"start":{"line":104,"column":33},"end":{"line":104,"column":54}}]},"8":{"line":158,"type":"if","locations":[{"start":{"line":158,"column":28},"end":{"line":158,"column":28}},{"start":{"line":158,"column":28},"end":{"line":158,"column":28}}]},"9":{"line":158,"type":"binary-expr","locations":[{"start":{"line":158,"column":32},"end":{"line":158,"column":37}},{"start":{"line":158,"column":41},"end":{"line":158,"column":61}}]},"10":{"line":161,"type":"if","locations":[{"start":{"line":161,"column":35},"end":{"line":161,"column":35}},{"start":{"line":161,"column":35},"end":{"line":161,"column":35}}]},"11":{"line":166,"type":"if","locations":[{"start":{"line":166,"column":32},"end":{"line":166,"column":32}},{"start":{"line":166,"column":32},"end":{"line":166,"column":32}}]},"12":{"line":280,"type":"if","locations":[{"start":{"line":280,"column":20},"end":{"line":280,"column":20}},{"start":{"line":280,"column":20},"end":{"line":280,"column":20}}]},"13":{"line":284,"type":"if","locations":[{"start":{"line":284,"column":20},"end":{"line":284,"column":20}},{"start":{"line":284,"column":20},"end":{"line":284,"column":20}}]},"14":{"line":288,"type":"if","locations":[{"start":{"line":288,"column":20},"end":{"line":288,"column":20}},{"start":{"line":288,"column":20},"end":{"line":288,"column":20}}]},"15":{"line":288,"type":"binary-expr","locations":[{"start":{"line":288,"column":24},"end":{"line":288,"column":30}},{"start":{"line":288,"column":34},"end":{"line":288,"column":48}},{"start":{"line":288,"column":52},"end":{"line":288,"column":64}}]},"16":{"line":292,"type":"if","locations":[{"start":{"line":292,"column":20},"end":{"line":292,"column":20}},{"start":{"line":292,"column":20},"end":{"line":292,"column":20}}]},"17":{"line":292,"type":"binary-expr","locations":[{"start":{"line":292,"column":24},"end":{"line":292,"column":38}},{"start":{"line":292,"column":42},"end":{"line":292,"column":64}}]},"18":{"line":296,"type":"if","locations":[{"start":{"line":296,"column":20},"end":{"line":296,"column":20}},{"start":{"line":296,"column":20},"end":{"line":296,"column":20}}]},"19":{"line":296,"type":"binary-expr","locations":[{"start":{"line":296,"column":24},"end":{"line":296,"column":37}},{"start":{"line":296,"column":41},"end":{"line":296,"column":62}}]},"20":{"line":307,"type":"if","locations":[{"start":{"line":307,"column":28},"end":{"line":307,"column":28}},{"start":{"line":307,"column":28},"end":{"line":307,"column":28}}]},"21":{"line":307,"type":"binary-expr","locations":[{"start":{"line":307,"column":32},"end":{"line":307,"column":50}},{"start":{"line":307,"column":54},"end":{"line":307,"column":67}},{"start":{"line":307,"column":71},"end":{"line":307,"column":77}},{"start":{"line":308,"column":31},"end":{"line":308,"column":51}},{"start":{"line":308,"column":55},"end":{"line":308,"column":70}},{"start":{"line":308,"column":74},"end":{"line":308,"column":87}}]},"22":{"line":363,"type":"if","locations":[{"start":{"line":363,"column":24},"end":{"line":363,"column":24}},{"start":{"line":363,"column":24},"end":{"line":363,"column":24}}]}}},"d:\\Workspace\\Laicos\\Source\\ibhs\\ibhs_api\\api\\services\\Logger.js":{"path":"d:\\Workspace\\Laicos\\Source\\ibhs\\ibhs_api\\api\\services\\Logger.js","s":{"1":1,"2":1,"3":1,"4":0,"5":0,"6":0,"7":1,"8":1},"b":{},"f":{"1":0},"fnMap":{"1":{"name":"(anonymous_1)","line":11,"loc":{"start":{"line":11,"column":9},"end":{"line":11,"column":21}}}},"statementMap":{"1":{"start":{"line":6,"column":0},"end":{"line":6,"column":33}},"2":{"start":{"line":7,"column":0},"end":{"line":7,"column":21}},"3":{"start":{"line":9,"column":0},"end":{"line":26,"column":2}},"4":{"start":{"line":13,"column":8},"end":{"line":23,"column":9}},"5":{"start":{"line":16,"column":12},"end":{"line":16,"column":35}},"6":{"start":{"line":22,"column":12},"end":{"line":22,"column":74}},"7":{"start":{"line":28,"column":0},"end":{"line":33,"column":2}},"8":{"start":{"line":36,"column":0},"end":{"line":40,"column":2}}},"branchMap":{}},"d:\\Workspace\\Laicos\\Source\\ibhs\\ibhs_api\\api\\services\\RegionLookup.js":{"path":"d:\\Workspace\\Laicos\\Source\\ibhs\\ibhs_api\\api\\services\\RegionLookup.js","s":{"1":1,"2":1,"3":0,"4":0,"5":0,"6":0,"7":0,"8":0,"9":0,"10":0,"11":0,"12":0,"13":0,"14":0,"15":0,"16":0,"17":0,"18":0,"19":0,"20":0,"21":0,"22":0,"23":0,"24":0,"25":0,"26":0,"27":0,"28":0,"29":0,"30":0,"31":0,"32":0,"33":0,"34":0,"35":0,"36":0,"37":0,"38":0,"39":0,"40":0,"41":0,"42":0,"43":0,"44":0,"45":0,"46":0,"47":0,"48":0,"49":0,"50":0,"51":0,"52":0,"53":0,"54":0,"55":0,"56":0,"57":0,"58":0,"59":0,"60":0},"b":{"1":[0,0],"2":[0,0],"3":[0,0],"4":[0,0],"5":[0,0],"6":[0,0],"7":[0,0],"8":[0,0],"9":[0,0],"10":[0,0],"11":[0,0],"12":[0,0],"13":[0,0],"14":[0,0],"15":[0,0],"16":[0,0]},"f":{"1":0,"2":0,"3":0,"4":0,"5":0},"fnMap":{"1":{"name":"(anonymous_1)","line":8,"loc":{"start":{"line":8,"column":12},"end":{"line":8,"column":31}}},"2":{"name":"(anonymous_2)","line":19,"loc":{"start":{"line":19,"column":7},"end":{"line":19,"column":37}}},"3":{"name":"(anonymous_3)","line":37,"loc":{"start":{"line":37,"column":39},"end":{"line":37,"column":59}}},"4":{"name":"(anonymous_4)","line":61,"loc":{"start":{"line":61,"column":15},"end":{"line":61,"column":34}}},"5":{"name":"(anonymous_5)","line":81,"loc":{"start":{"line":81,"column":22},"end":{"line":81,"column":43}}}},"statementMap":{"1":{"start":{"line":1,"column":0},"end":{"line":4,"column":30}},"2":{"start":{"line":6,"column":0},"end":{"line":123,"column":1}},"3":{"start":{"line":9,"column":4},"end":{"line":9,"column":36}},"4":{"start":{"line":10,"column":4},"end":{"line":13,"column":5}},"5":{"start":{"line":11,"column":6},"end":{"line":11,"column":53}},"6":{"start":{"line":12,"column":6},"end":{"line":12,"column":12}},"7":{"start":{"line":16,"column":4},"end":{"line":55,"column":6}},"8":{"start":{"line":20,"column":6},"end":{"line":23,"column":7}},"9":{"start":{"line":21,"column":8},"end":{"line":21,"column":28}},"10":{"start":{"line":22,"column":8},"end":{"line":22,"column":14}},"11":{"start":{"line":24,"column":6},"end":{"line":54,"column":7}},"12":{"start":{"line":25,"column":8},"end":{"line":25,"column":59}},"13":{"start":{"line":26,"column":8},"end":{"line":29,"column":9}},"14":{"start":{"line":27,"column":10},"end":{"line":27,"column":55}},"15":{"start":{"line":28,"column":10},"end":{"line":28,"column":16}},"16":{"start":{"line":31,"column":8},"end":{"line":31,"column":53}},"17":{"start":{"line":32,"column":8},"end":{"line":35,"column":9}},"18":{"start":{"line":33,"column":10},"end":{"line":33,"column":50}},"19":{"start":{"line":34,"column":10},"end":{"line":34,"column":16}},"20":{"start":{"line":37,"column":8},"end":{"line":42,"column":10}},"21":{"start":{"line":38,"column":10},"end":{"line":38,"column":75}},"22":{"start":{"line":39,"column":10},"end":{"line":41,"column":11}},"23":{"start":{"line":40,"column":12},"end":{"line":40,"column":28}},"24":{"start":{"line":44,"column":8},"end":{"line":47,"column":9}},"25":{"start":{"line":45,"column":10},"end":{"line":45,"column":48}},"26":{"start":{"line":46,"column":10},"end":{"line":46,"column":16}},"27":{"start":{"line":49,"column":8},"end":{"line":49,"column":57}},"28":{"start":{"line":50,"column":8},"end":{"line":50,"column":31}},"29":{"start":{"line":53,"column":8},"end":{"line":53,"column":28}},"30":{"start":{"line":57,"column":4},"end":{"line":57,"column":27}},"31":{"start":{"line":62,"column":4},"end":{"line":62,"column":36}},"32":{"start":{"line":64,"column":4},"end":{"line":65,"column":53}},"33":{"start":{"line":65,"column":6},"end":{"line":65,"column":53}},"34":{"start":{"line":67,"column":4},"end":{"line":69,"column":5}},"35":{"start":{"line":68,"column":6},"end":{"line":68,"column":34}},"36":{"start":{"line":71,"column":4},"end":{"line":74,"column":5}},"37":{"start":{"line":72,"column":6},"end":{"line":72,"column":41}},"38":{"start":{"line":73,"column":6},"end":{"line":73,"column":12}},"39":{"start":{"line":76,"column":4},"end":{"line":79,"column":62}},"40":{"start":{"line":81,"column":4},"end":{"line":118,"column":6}},"41":{"start":{"line":82,"column":6},"end":{"line":85,"column":7}},"42":{"start":{"line":83,"column":8},"end":{"line":83,"column":28}},"43":{"start":{"line":84,"column":8},"end":{"line":84,"column":14}},"44":{"start":{"line":87,"column":6},"end":{"line":92,"column":7}},"45":{"start":{"line":88,"column":8},"end":{"line":88,"column":31}},"46":{"start":{"line":90,"column":8},"end":{"line":90,"column":28}},"47":{"start":{"line":91,"column":8},"end":{"line":91,"column":14}},"48":{"start":{"line":94,"column":6},"end":{"line":97,"column":7}},"49":{"start":{"line":95,"column":8},"end":{"line":95,"column":28}},"50":{"start":{"line":96,"column":8},"end":{"line":96,"column":14}},"51":{"start":{"line":99,"column":6},"end":{"line":99,"column":34}},"52":{"start":{"line":100,"column":6},"end":{"line":103,"column":7}},"53":{"start":{"line":101,"column":8},"end":{"line":101,"column":55}},"54":{"start":{"line":102,"column":8},"end":{"line":102,"column":14}},"55":{"start":{"line":104,"column":6},"end":{"line":105,"column":30}},"56":{"start":{"line":106,"column":6},"end":{"line":107,"column":23}},"57":{"start":{"line":107,"column":8},"end":{"line":107,"column":23}},"58":{"start":{"line":108,"column":6},"end":{"line":111,"column":37}},"59":{"start":{"line":113,"column":6},"end":{"line":117,"column":8}},"60":{"start":{"line":120,"column":4},"end":{"line":120,"column":27}}},"branchMap":{"1":{"line":10,"type":"if","locations":[{"start":{"line":10,"column":4},"end":{"line":10,"column":4}},{"start":{"line":10,"column":4},"end":{"line":10,"column":4}}]},"2":{"line":20,"type":"if","locations":[{"start":{"line":20,"column":6},"end":{"line":20,"column":6}},{"start":{"line":20,"column":6},"end":{"line":20,"column":6}}]},"3":{"line":20,"type":"binary-expr","locations":[{"start":{"line":20,"column":10},"end":{"line":20,"column":13}},{"start":{"line":20,"column":17},"end":{"line":20,"column":42}}]},"4":{"line":26,"type":"if","locations":[{"start":{"line":26,"column":8},"end":{"line":26,"column":8}},{"start":{"line":26,"column":8},"end":{"line":26,"column":8}}]},"5":{"line":32,"type":"if","locations":[{"start":{"line":32,"column":8},"end":{"line":32,"column":8}},{"start":{"line":32,"column":8},"end":{"line":32,"column":8}}]},"6":{"line":32,"type":"binary-expr","locations":[{"start":{"line":32,"column":12},"end":{"line":32,"column":31}},{"start":{"line":32,"column":35},"end":{"line":32,"column":81}}]},"7":{"line":39,"type":"if","locations":[{"start":{"line":39,"column":10},"end":{"line":39,"column":10}},{"start":{"line":39,"column":10},"end":{"line":39,"column":10}}]},"8":{"line":44,"type":"if","locations":[{"start":{"line":44,"column":8},"end":{"line":44,"column":8}},{"start":{"line":44,"column":8},"end":{"line":44,"column":8}}]},"9":{"line":64,"type":"if","locations":[{"start":{"line":64,"column":4},"end":{"line":64,"column":4}},{"start":{"line":64,"column":4},"end":{"line":64,"column":4}}]},"10":{"line":67,"type":"if","locations":[{"start":{"line":67,"column":4},"end":{"line":67,"column":4}},{"start":{"line":67,"column":4},"end":{"line":67,"column":4}}]},"11":{"line":71,"type":"if","locations":[{"start":{"line":71,"column":4},"end":{"line":71,"column":4}},{"start":{"line":71,"column":4},"end":{"line":71,"column":4}}]},"12":{"line":82,"type":"if","locations":[{"start":{"line":82,"column":6},"end":{"line":82,"column":6}},{"start":{"line":82,"column":6},"end":{"line":82,"column":6}}]},"13":{"line":94,"type":"if","locations":[{"start":{"line":94,"column":6},"end":{"line":94,"column":6}},{"start":{"line":94,"column":6},"end":{"line":94,"column":6}}]},"14":{"line":94,"type":"binary-expr","locations":[{"start":{"line":94,"column":10},"end":{"line":94,"column":28}},{"start":{"line":94,"column":32},"end":{"line":94,"column":53}}]},"15":{"line":100,"type":"if","locations":[{"start":{"line":100,"column":6},"end":{"line":100,"column":6}},{"start":{"line":100,"column":6},"end":{"line":100,"column":6}}]},"16":{"line":106,"type":"if","locations":[{"start":{"line":106,"column":6},"end":{"line":106,"column":6}},{"start":{"line":106,"column":6},"end":{"line":106,"column":6}}]}}},"d:\\Workspace\\Laicos\\Source\\ibhs\\ibhs_api\\api\\services\\SalesForce.js":{"path":"d:\\Workspace\\Laicos\\Source\\ibhs\\ibhs_api\\api\\services\\SalesForce.js","s":{"1":1,"2":1,"3":1,"4":1,"5":1,"6":1,"7":0,"8":0,"9":0,"10":0,"11":0,"12":0,"13":0,"14":0,"15":0,"16":0,"17":0,"18":0,"19":0,"20":0,"21":0,"22":0,"23":0,"24":0,"25":0,"26":0,"27":0,"28":0,"29":0,"30":0,"31":0,"32":0,"33":0,"34":0,"35":0,"36":0,"37":0,"38":0,"39":0,"40":0,"41":1,"42":0,"43":0,"44":0,"45":0,"46":0,"47":0,"48":0,"49":0,"50":0,"51":0,"52":0,"53":0,"54":0,"55":0,"56":0,"57":0,"58":0,"59":0,"60":0,"61":0,"62":1,"63":0,"64":0,"65":0,"66":0,"67":0,"68":0,"69":0,"70":0,"71":0,"72":0,"73":0,"74":0,"75":0,"76":0,"77":0,"78":0,"79":0,"80":0,"81":0,"82":0,"83":0,"84":0,"85":0,"86":0,"87":0,"88":0,"89":0,"90":0,"91":0,"92":0,"93":0,"94":0,"95":0,"96":0,"97":0,"98":0,"99":0,"100":0,"101":0,"102":0,"103":0,"104":0,"105":0,"106":0,"107":0,"108":0,"109":0,"110":0,"111":0,"112":0,"113":0,"114":0,"115":0,"116":1},"b":{"1":[0,0],"2":[0,0],"3":[0,0],"4":[0,0],"5":[0,0],"6":[0,0],"7":[0,0,0],"8":[0,0],"9":[0,0],"10":[0,0],"11":[0,0],"12":[0,0],"13":[0,0],"14":[0,0],"15":[0,0],"16":[0,0,0,0],"17":[0,0],"18":[0,0],"19":[0,0],"20":[0,0],"21":[0,0],"22":[0,0],"23":[0,0],"24":[0,0],"25":[0,0],"26":[0,0],"27":[0,0],"28":[0,0],"29":[0,0],"30":[0,0]},"f":{"1":0,"2":0,"3":0,"4":0,"5":0,"6":0,"7":0,"8":0,"9":0,"10":0,"11":0,"12":0,"13":0,"14":0,"15":0,"16":0,"17":0,"18":0,"19":0,"20":0,"21":0,"22":0,"23":0,"24":0,"25":0,"26":0,"27":0,"28":0,"29":0,"30":0,"31":0,"32":0,"33":0},"fnMap":{"1":{"name":"(anonymous_1)","line":15,"loc":{"start":{"line":15,"column":15},"end":{"line":15,"column":33}}},"2":{"name":"(anonymous_2)","line":53,"loc":{"start":{"line":53,"column":85},"end":{"line":53,"column":98}}},"3":{"name":"(anonymous_3)","line":83,"loc":{"start":{"line":83,"column":18},"end":{"line":83,"column":39}}},"4":{"name":"(anonymous_4)","line":104,"loc":{"start":{"line":104,"column":20},"end":{"line":104,"column":43}}},"5":{"name":"(anonymous_5)","line":142,"loc":{"start":{"line":142,"column":21},"end":{"line":142,"column":33}}},"6":{"name":"(anonymous_6)","line":144,"loc":{"start":{"line":144,"column":32},"end":{"line":144,"column":67}}},"7":{"name":"(anonymous_7)","line":159,"loc":{"start":{"line":159,"column":20},"end":{"line":159,"column":45}}},"8":{"name":"(anonymous_8)","line":178,"loc":{"start":{"line":178,"column":22},"end":{"line":178,"column":52}}},"9":{"name":"(anonymous_9)","line":183,"loc":{"start":{"line":183,"column":26},"end":{"line":183,"column":45}}},"10":{"name":"(anonymous_10)","line":193,"loc":{"start":{"line":193,"column":23},"end":{"line":193,"column":36}}},"11":{"name":"(anonymous_11)","line":206,"loc":{"start":{"line":206,"column":16},"end":{"line":206,"column":46}}},"12":{"name":"(anonymous_12)","line":208,"loc":{"start":{"line":208,"column":32},"end":{"line":208,"column":67}}},"13":{"name":"(anonymous_13)","line":210,"loc":{"start":{"line":210,"column":41},"end":{"line":210,"column":57}}},"14":{"name":"(anonymous_14)","line":243,"loc":{"start":{"line":243,"column":22},"end":{"line":243,"column":46}}},"15":{"name":"(anonymous_15)","line":252,"loc":{"start":{"line":252,"column":63},"end":{"line":252,"column":76}}},"16":{"name":"(anonymous_16)","line":270,"loc":{"start":{"line":270,"column":15},"end":{"line":270,"column":28}}},"17":{"name":"(anonymous_17)","line":283,"loc":{"start":{"line":283,"column":15},"end":{"line":283,"column":53}}},"18":{"name":"(anonymous_18)","line":285,"loc":{"start":{"line":285,"column":32},"end":{"line":285,"column":67}}},"19":{"name":"(anonymous_19)","line":287,"loc":{"start":{"line":287,"column":41},"end":{"line":287,"column":57}}},"20":{"name":"(anonymous_20)","line":296,"loc":{"start":{"line":296,"column":23},"end":{"line":296,"column":43}}},"21":{"name":"(anonymous_21)","line":307,"loc":{"start":{"line":307,"column":15},"end":{"line":307,"column":28}}},"22":{"name":"(anonymous_22)","line":318,"loc":{"start":{"line":318,"column":18},"end":{"line":318,"column":30}}},"23":{"name":"(anonymous_23)","line":320,"loc":{"start":{"line":320,"column":32},"end":{"line":320,"column":67}}},"24":{"name":"(anonymous_24)","line":322,"loc":{"start":{"line":322,"column":41},"end":{"line":322,"column":57}}},"25":{"name":"(anonymous_25)","line":338,"loc":{"start":{"line":338,"column":22},"end":{"line":338,"column":46}}},"26":{"name":"(anonymous_26)","line":350,"loc":{"start":{"line":350,"column":61},"end":{"line":350,"column":74}}},"27":{"name":"(anonymous_27)","line":361,"loc":{"start":{"line":361,"column":15},"end":{"line":361,"column":28}}},"28":{"name":"(anonymous_28)","line":373,"loc":{"start":{"line":373,"column":19},"end":{"line":373,"column":31}}},"29":{"name":"(anonymous_29)","line":375,"loc":{"start":{"line":375,"column":32},"end":{"line":375,"column":67}}},"30":{"name":"(anonymous_30)","line":377,"loc":{"start":{"line":377,"column":41},"end":{"line":377,"column":57}}},"31":{"name":"(anonymous_31)","line":389,"loc":{"start":{"line":389,"column":20},"end":{"line":389,"column":44}}},"32":{"name":"(anonymous_32)","line":402,"loc":{"start":{"line":402,"column":54},"end":{"line":402,"column":67}}},"33":{"name":"(anonymous_33)","line":413,"loc":{"start":{"line":413,"column":15},"end":{"line":413,"column":28}}}},"statementMap":{"1":{"start":{"line":7,"column":0},"end":{"line":7,"column":21}},"2":{"start":{"line":8,"column":0},"end":{"line":8,"column":33}},"3":{"start":{"line":9,"column":0},"end":{"line":9,"column":33}},"4":{"start":{"line":10,"column":0},"end":{"line":10,"column":19}},"5":{"start":{"line":11,"column":0},"end":{"line":11,"column":23}},"6":{"start":{"line":13,"column":0},"end":{"line":137,"column":2}},"7":{"start":{"line":17,"column":8},"end":{"line":80,"column":9}},"8":{"start":{"line":19,"column":12},"end":{"line":75,"column":13}},"9":{"start":{"line":21,"column":16},"end":{"line":31,"column":18}},"10":{"start":{"line":35,"column":16},"end":{"line":37,"column":17}},"11":{"start":{"line":36,"column":20},"end":{"line":36,"column":59}},"12":{"start":{"line":40,"column":16},"end":{"line":42,"column":17}},"13":{"start":{"line":41,"column":20},"end":{"line":41,"column":44}},"14":{"start":{"line":45,"column":16},"end":{"line":47,"column":17}},"15":{"start":{"line":46,"column":20},"end":{"line":46,"column":82}},"16":{"start":{"line":50,"column":16},"end":{"line":69,"column":17}},"17":{"start":{"line":53,"column":20},"end":{"line":67,"column":22}},"18":{"start":{"line":56,"column":24},"end":{"line":56,"column":61}},"19":{"start":{"line":59,"column":24},"end":{"line":59,"column":70}},"20":{"start":{"line":62,"column":24},"end":{"line":64,"column":25}},"21":{"start":{"line":63,"column":28},"end":{"line":63,"column":93}},"22":{"start":{"line":66,"column":24},"end":{"line":66,"column":36}},"23":{"start":{"line":71,"column":16},"end":{"line":71,"column":28}},"24":{"start":{"line":73,"column":16},"end":{"line":73,"column":28}},"25":{"start":{"line":78,"column":12},"end":{"line":78,"column":87}},"26":{"start":{"line":79,"column":12},"end":{"line":79,"column":20}},"27":{"start":{"line":85,"column":8},"end":{"line":100,"column":9}},"28":{"start":{"line":87,"column":12},"end":{"line":95,"column":13}},"29":{"start":{"line":88,"column":16},"end":{"line":92,"column":18}},"30":{"start":{"line":94,"column":16},"end":{"line":94,"column":28}},"31":{"start":{"line":98,"column":12},"end":{"line":98,"column":90}},"32":{"start":{"line":99,"column":12},"end":{"line":99,"column":20}},"33":{"start":{"line":106,"column":8},"end":{"line":134,"column":9}},"34":{"start":{"line":108,"column":12},"end":{"line":129,"column":13}},"35":{"start":{"line":110,"column":16},"end":{"line":125,"column":17}},"36":{"start":{"line":113,"column":20},"end":{"line":117,"column":22}},"37":{"start":{"line":121,"column":20},"end":{"line":124,"column":22}},"38":{"start":{"line":128,"column":16},"end":{"line":128,"column":28}},"39":{"start":{"line":132,"column":12},"end":{"line":132,"column":92}},"40":{"start":{"line":133,"column":12},"end":{"line":133,"column":20}},"41":{"start":{"line":140,"column":0},"end":{"line":199,"column":2}},"42":{"start":{"line":144,"column":8},"end":{"line":171,"column":11}},"43":{"start":{"line":146,"column":12},"end":{"line":170,"column":13}},"44":{"start":{"line":148,"column":16},"end":{"line":148,"column":97}},"45":{"start":{"line":151,"column":16},"end":{"line":151,"column":33}},"46":{"start":{"line":154,"column":16},"end":{"line":154,"column":149}},"47":{"start":{"line":157,"column":16},"end":{"line":157,"column":51}},"48":{"start":{"line":158,"column":16},"end":{"line":169,"column":23}},"49":{"start":{"line":161,"column":24},"end":{"line":167,"column":25}},"50":{"start":{"line":162,"column":28},"end":{"line":162,"column":89}},"51":{"start":{"line":163,"column":28},"end":{"line":163,"column":40}},"52":{"start":{"line":165,"column":28},"end":{"line":165,"column":101}},"53":{"start":{"line":166,"column":28},"end":{"line":166,"column":45}},"54":{"start":{"line":173,"column":8},"end":{"line":173,"column":23}},"55":{"start":{"line":180,"column":8},"end":{"line":180,"column":94}},"56":{"start":{"line":182,"
[...]
ine":71,"column":84}},"26":{"start":{"line":77,"column":12},"end":{"line":77,"column":52}},"27":{"start":{"line":78,"column":12},"end":{"line":78,"column":55}},"28":{"start":{"line":79,"column":12},"end":{"line":79,"column":62}},"29":{"start":{"line":80,"column":12},"end":{"line":80,"column":81}},"30":{"start":{"line":82,"column":12},"end":{"line":96,"column":19}},"31":{"start":{"line":86,"column":20},"end":{"line":89,"column":27}},"32":{"start":{"line":88,"column":28},"end":{"line":88,"column":82}},"33":{"start":{"line":90,"column":20},"end":{"line":90,"column":37}},"34":{"start":{"line":93,"column":20},"end":{"line":93,"column":105}},"35":{"start":{"line":94,"column":20},"end":{"line":94,"column":74}},"36":{"start":{"line":99,"column":12},"end":{"line":99,"column":87}},"37":{"start":{"line":100,"column":12},"end":{"line":100,"column":55}},"38":{"start":{"line":106,"column":8},"end":{"line":154,"column":9}},"39":{"start":{"line":109,"column":12},"end":{"line":109,"column":41}},"40":{"start":{"line":112,"column":12},"end":{"line":129,"column":19}},"41":{"start":{"line":115,"column":20},"end":{"line":115,"column":75}},"42":{"start":{"line":117,"column":20},"end":{"line":120,"column":27}},"43":{"start":{"line":119,"column":28},"end":{"line":119,"column":93}},"44":{"start":{"line":121,"column":20},"end":{"line":121,"column":75}},"45":{"start":{"line":122,"column":20},"end":{"line":122,"column":37}},"46":{"start":{"line":126,"column":20},"end":{"line":126,"column":105}},"47":{"start":{"line":127,"column":20},"end":{"line":127,"column":74}},"48":{"start":{"line":152,"column":12},"end":{"line":152,"column":84}},"49":{"start":{"line":153,"column":12},"end":{"line":153,"column":63}},"50":{"start":{"line":161,"column":8},"end":{"line":161,"column":37}},"51":{"start":{"line":162,"column":8},"end":{"line":162,"column":26}},"52":{"start":{"line":165,"column":8},"end":{"line":206,"column":21}},"53":{"start":{"line":167,"column":12},"end":{"line":204,"column":13}},"54":{"start":{"line":169,"column":16},"end":{"line":169,"column":111}},"55":{"start":{"line":170,"column":16},"end":{"line":170,"column":100}},"56":{"start":{"line":171,"column":16},"end":{"line":171,"column":47}},"57":{"start":{"line":172,"column":16},"end":{"line":172,"column":48}},"58":{"start":{"line":173,"column":16},"end":{"line":173,"column":41}},"59":{"start":{"line":174,"column":16},"end":{"line":174,"column":56}},"60":{"start":{"line":175,"column":16},"end":{"line":175,"column":59}},"61":{"start":{"line":176,"column":16},"end":{"line":176,"column":54}},"62":{"start":{"line":177,"column":16},"end":{"line":177,"column":49}},"63":{"start":{"line":178,"column":16},"end":{"line":178,"column":56}},"64":{"start":{"line":180,"column":16},"end":{"line":186,"column":19}},"65":{"start":{"line":181,"column":20},"end":{"line":185,"column":21}},"66":{"start":{"line":182,"column":24},"end":{"line":182,"column":40}},"67":{"start":{"line":184,"column":24},"end":{"line":184,"column":39}},"68":{"start":{"line":188,"column":16},"end":{"line":201,"column":19}},"69":{"start":{"line":190,"column":20},"end":{"line":195,"column":23}},"70":{"start":{"line":197,"column":20},"end":{"line":197,"column":51}},"71":{"start":{"line":198,"column":20},"end":{"line":198,"column":64}},"72":{"start":{"line":199,"column":20},"end":{"line":199,"column":45}},"73":{"start":{"line":200,"column":20},"end":{"line":200,"column":43}},"74":{"start":{"line":215,"column":0},"end":{"line":222,"column":2}}},"branchMap":{"1":{"line":19,"type":"if","locations":[{"start":{"line":19,"column":16},"end":{"line":19,"column":16}},{"start":{"line":19,"column":16},"end":{"line":19,"column":16}}]},"2":{"line":43,"type":"if","locations":[{"start":{"line":43,"column":16},"end":{"line":43,"column":16}},{"start":{"line":43,"column":16},"end":{"line":43,"column":16}}]},"3":{"line":167,"type":"if","locations":[{"start":{"line":167,"column":12},"end":{"line":167,"column":12}},{"start":{"line":167,"column":12},"end":{"line":167,"column":12}}]},"4":{"line":167,"type":"binary-expr","locations":[{"start":{"line":167,"column":16},"end":{"line":167,"column":17}},{"start":{"line":167,"column":21},"end":{"line":167,"column":30}},{"start":{"line":167,"column":34},"end":{"line":167,"column":66}}]},"5":{"line":181,"type":"if","locations":[{"start":{"line":181,"column":20},"end":{"line":181,"column":20}},{"start":{"line":181,"column":20},"end":{"line":181,"column":20}}]}}},"d:\\Workspace\\Laicos\\Source\\ibhs\\ibhs_api\\api\\controllers\\UIController.js":{"path":"d:\\Workspace\\Laicos\\Source\\ibhs\\ibhs_api\\api\\controllers\\UIController.js","s":{"1":1,"2":1,"3":1,"4":1,"5":1,"6":1,"7":1,"8":1,"9":1,"10":1,"11":1,"12":0,"13":0,"14":0,"15":0,"16":0,"17":0,"18":0,"19":0,"20":0,"21":0,"22":0,"23":0,"24":0,"25":0,"26":0,"27":0,"28":0,"29":0,"30":0,"31":0,"32":0,"33":0,"34":0,"35":0,"36":0,"37":0,"38":0,"39":0,"40":0,"41":0,"42":0,"43":0,"44":0,"45":0,"46":0,"47":0},"b":{"1":[0,0],"2":[0,0],"3":[0,0]},"f":{"1":1,"2":0,"3":0,"4":0,"5":0,"6":0,"7":0,"8":0},"fnMap":{"1":{"name":"(anonymous_1)","line":11,"loc":{"start":{"line":11,"column":14},"end":{"line":11,"column":24}}},"2":{"name":"(anonymous_2)","line":32,"loc":{"start":{"line":32,"column":13},"end":{"line":32,"column":33}}},"3":{"name":"(anonymous_3)","line":40,"loc":{"start":{"line":40,"column":50},"end":{"line":40,"column":71}}},"4":{"name":"(anonymous_4)","line":59,"loc":{"start":{"line":59,"column":34},"end":{"line":59,"column":53}}},"5":{"name":"(anonymous_5)","line":67,"loc":{"start":{"line":67,"column":31},"end":{"line":67,"column":44}}},"6":{"name":"(anonymous_6)","line":89,"loc":{"start":{"line":89,"column":21},"end":{"line":89,"column":41}}},"7":{"name":"(anonymous_7)","line":104,"loc":{"start":{"line":104,"column":20},"end":{"line":104,"column":40}}},"8":{"name":"(anonymous_8)","line":118,"loc":{"start":{"line":118,"column":23},"end":{"line":118,"column":43}}}},"statementMap":{"1":{"start":{"line":8,"column":0},"end":{"line":8,"column":23}},"2":{"start":{"line":9,"column":0},"end":{"line":9,"column":35}},"3":{"start":{"line":11,"column":0},"end":{"line":28,"column":5}},"4":{"start":{"line":13,"column":4},"end":{"line":13,"column":27}},"5":{"start":{"line":14,"column":4},"end":{"line":14,"column":26}},"6":{"start":{"line":15,"column":4},"end":{"line":15,"column":29}},"7":{"start":{"line":18,"column":4},"end":{"line":18,"column":67}},"8":{"start":{"line":19,"column":4},"end":{"line":19,"column":65}},"9":{"start":{"line":20,"column":4},"end":{"line":20,"column":71}},"10":{"start":{"line":22,"column":4},"end":{"line":26,"column":6}},"11":{"start":{"line":30,"column":0},"end":{"line":134,"column":2}},"12":{"start":{"line":34,"column":8},"end":{"line":85,"column":9}},"13":{"start":{"line":36,"column":12},"end":{"line":36,"column":47}},"14":{"start":{"line":37,"column":12},"end":{"line":37,"column":46}},"15":{"start":{"line":40,"column":12},"end":{"line":77,"column":15}},"16":{"start":{"line":41,"column":16},"end":{"line":76,"column":17}},"17":{"start":{"line":42,"column":20},"end":{"line":42,"column":82}},"18":{"start":{"line":43,"column":20},"end":{"line":43,"column":50}},"19":{"start":{"line":46,"column":20},"end":{"line":75,"column":21}},"20":{"start":{"line":47,"column":24},"end":{"line":47,"column":81}},"21":{"start":{"line":49,"column":24},"end":{"line":55,"column":26}},"22":{"start":{"line":58,"column":24},"end":{"line":70,"column":31}},"23":{"start":{"line":61,"column":32},"end":{"line":61,"column":114}},"24":{"start":{"line":62,"column":32},"end":{"line":64,"column":33}},"25":{"start":{"line":63,"column":36},"end":{"line":63,"column":63}},"26":{"start":{"line":66,"column":32},"end":{"line":66,"column":73}},"27":{"start":{"line":68,"column":32},"end":{"line":68,"column":114}},"28":{"start":{"line":69,"column":32},"end":{"line":69,"column":62}},"29":{"start":{"line":73,"column":24},"end":{"line":73,"column":99}},"30":{"start":{"line":74,"column":24},"end":{"line":74,"column":54}},"31":{"start":{"line":82,"column":12},"end":{"line":82,"column":79}},"32":{"start":{"line":83,"column":12},"end":{"line":83,"column":50}},"33":{"start":{"line":91,"column":8},"end":{"line":100,"column":9}},"34":{"start":{"line":94,"column":12},"end":{"line":94,"column":55}},"35":{"start":{"line":95,"column":12},"end":{"line":95,"column":42}},"36":{"start":{"line":98,"column":12},"end":{"line":98,"column":87}},"37":{"start":{"line":99,"column":12},"end":{"line":99,"column":39}},"38":{"start":{"line":106,"column":8},"end":{"line":115,"column":9}},"39":{"start":{"line":109,"column":12},"end":{"line":109,"column":55}},"40":{"start":{"line":110,"column":12},"end":{"line":110,"column":41}},"41":{"start":{"line":113,"column":12},"end":{"line":113,"column":86}},"42":{"start":{"line":114,"column":12},"end":{"line":114,"column":39}},"43":{"start":{"line":120,"column":8},"end":{"line":129,"column":9}},"44":{"start":{"line":123,"column":12},"end":{"line":123,"column":55}},"45":{"start":{"line":124,"column":12},"end":{"line":124,"column":44}},"46":{"start":{"line":127,"column":12},"end":{"line":127,"column":85}},"47":{"start":{"line":128,"column":12},"end":{"line":128,"column":39}}},"branchMap":{"1":{"line":41,"type":"if","locations":[{"start":{"line":41,"column":16},"end":{"line":41,"column":16}},{"start":{"line":41,"column":16},"end":{"line":41,"column":16}}]},"2":{"line":46,"type":"if","locations":[{"start":{"line":46,"column":20},"end":{"line":46,"column":20}},{"start":{"line":46,"column":20},"end":{"line":46,"column":20}}]},"3":{"line":62,"type":"if","locations":[{"start":{"line":62,"column":32},"end":{"line":62,"column":32}},{"start":{"line":62,"column":32},"end":{"line":62,"column":32}}]}}},"d:\\Workspace\\Laicos\\Source\\ibhs\\ibhs_api\\api\\controllers\\UserController.js":{"path":"d:\\Workspace\\Laicos\\Source\\ibhs\\ibhs_api\\api\\controllers\\UserController.js","s":{"1":1,"2":1},"b":{},"f":{},"fnMap":{},"statementMap":{"1":{"start":{"line":8,"column":0},"end":{"line":8,"column":50}},"2":{"start":{"line":10,"column":0},"end":{"line":17,"column":2}}},"branchMap":{}},"d:\\Workspace\\Laicos\\Source\\ibhs\\ibhs_api\\api\\handlers\\UserAuth.js":{"path":"d:\\Workspace\\Laicos\\Source\\ibhs\\ibhs_api\\api\\handlers\\UserAuth.js","s":{"1":1,"2":1,"3":0,"4":0,"5":0,"6":0,"7":0,"8":0,"9":0,"10":0,"11":0,"12":0,"13":0,"14":0,"15":0,"16":0,"17":0,"18":0,"19":0,"20":0,"21":0,"22":0,"23":0,"24":0,"25":0},"b":{"1":[0,0],"2":[0,0],"3":[0,0],"4":[0,0],"5":[0,0]},"f":{"1":0,"2":0,"3":0,"4":0,"5":0},"fnMap":{"1":{"name":"(anonymous_1)","line":10,"loc":{"start":{"line":10,"column":11},"end":{"line":10,"column":37}}},"2":{"name":"(anonymous_2)","line":15,"loc":{"start":{"line":15,"column":20},"end":{"line":15,"column":50}}},"3":{"name":"(anonymous_3)","line":45,"loc":{"start":{"line":45,"column":12},"end":{"line":45,"column":32}}},"4":{"name":"(anonymous_4)","line":54,"loc":{"start":{"line":54,"column":50},"end":{"line":54,"column":69}}},"5":{"name":"(anonymous_5)","line":67,"loc":{"start":{"line":67,"column":15},"end":{"line":67,"column":28}}}},"statementMap":{"1":{"start":{"line":6,"column":0},"end":{"line":6,"column":35}},"2":{"start":{"line":8,"column":0},"end":{"line":77,"column":2}},"3":{"start":{"line":12,"column":8},"end":{"line":12,"column":83}},"4":{"start":{"line":13,"column":8},"end":{"line":42,"column":9}},"5":{"start":{"line":14,"column":12},"end":{"line":38,"column":39}},"6":{"start":{"line":18,"column":24},"end":{"line":36,"column":25}},"7":{"start":{"line":19,"column":28},"end":{"line":19,"column":60}},"8":{"start":{"line":21,"column":28},"end":{"line":35,"column":29}},"9":{"start":{"line":22,"column":32},"end":{"line":29,"column":35}},"10":{"start":{"line":31,"column":32},"end":{"line":34,"column":35}},"11":{"start":{"line":40,"column":12},"end":{"line":40,"column":89}},"12":{"start":{"line":41,"column":12},"end":{"line":41,"column":50}},"13":{"start":{"line":47,"column":8},"end":{"line":74,"column":9}},"14":{"start":{"line":49,"column":12},"end":{"line":49,"column":76}},"15":{"start":{"line":51,"column":12},"end":{"line":51,"column":74}},"16":{"start":{"line":54,"column":12},"end":{"line":69,"column":15}},"17":{"start":{"line":56,"column":16},"end":{"line":65,"column":17}},"18":{"start":{"line":57,"column":20},"end":{"line":61,"column":21}},"19":{"start":{"line":58,"column":24},"end":{"line":58,"column":80}},"20":{"start":{"line":60,"column":24},"end":{"line":60,"column":84}},"21":{"start":{"line":63,"column":20},"end":{"line":63,"column":91}},"22":{"start":{"line":64,"column":20},"end":{"line":64,"column":58}},"23":{"start":{"line":68,"column":16},"end":{"line":68,"column":46}},"24":{"start":{"line":72,"column":12},"end":{"line":72,"column":74}},"25":{"start":{"line":73,"column":12},"end":{"line":73,"column":50}}},"branchMap":{"1":{"line":18,"type":"if","locations":[{"start":{"line":18,"column":24},"end":{"line":18,"column":24}},{"start":{"line":18,"column":24},"end":{"line":18,"column":24}}]},"2":{"line":21,"type":"if","locations":[{"start":{"line":21,"column":28},"end":{"line":21,"column":28}},{"start":{"line":21,"column":28},"end":{"line":21,"column":28}}]},"3":{"line":49,"type":"binary-expr","locations":[{"start":{"line":49,"column":25},"end":{"line":49,"column":48}},{"start":{"line":49,"column":52},"end":{"line":49,"column":74}}]},"4":{"line":57,"type":"if","locations":[{"start":{"line":57,"column":20},"end":{"line":57,"column":20}},{"start":{"line":57,"column":20},"end":{"line":57,"column":20}}]},"5":{"line":57,"type":"binary-expr","locations":[{"start":{"line":57,"column":24},"end":{"line":57,"column":31}},{"start":{"line":57,"column":35},"end":{"line":57,"column":50}}]}}},"d:\\Workspace\\Laicos\\Source\\ibhs\\ibhs_api\\api\\policies\\accessToken.js":{"path":"d:\\Workspace\\Laicos\\Source\\ibhs\\ibhs_api\\api\\policies\\accessToken.js","s":{"1":1,"2":0,"3":0,"4":0,"5":0,"6":0,"7":0,"8":0,"9":0,"10":0,"11":0},"b":{"1":[0,0],"2":[0,0]},"f":{"1":0,"2":0,"3":0},"fnMap":{"1":{"name":"(anonymous_1)","line":5,"loc":{"start":{"line":5,"column":17},"end":{"line":5,"column":43}}},"2":{"name":"(anonymous_2)","line":12,"loc":{"start":{"line":12,"column":55},"end":{"line":12,"column":74}}},"3":{"name":"(anonymous_3)","line":22,"loc":{"start":{"line":22,"column":11},"end":{"line":22,"column":24}}}},"statementMap":{"1":{"start":{"line":5,"column":0},"end":{"line":31,"column":2}},"2":{"start":{"line":7,"column":4},"end":{"line":29,"column":5}},"3":{"start":{"line":9,"column":8},"end":{"line":9,"column":78}},"4":{"start":{"line":12,"column":8},"end":{"line":24,"column":11}},"5":{"start":{"line":14,"column":12},"end":{"line":21,"column":13}},"6":{"start":{"line":15,"column":16},"end":{"line":15,"column":51}},"7":{"start":{"line":16,"column":16},"end":{"line":16,"column":30}},"8":{"start":{"line":19,"column":16},"end":{"line":19,"column":87}},"9":{"start":{"line":20,"column":16},"end":{"line":20,"column":68}},"10":{"start":{"line":23,"column":12},"end":{"line":23,"column":49}},"11":{"start":{"line":28,"column":8},"end":{"line":28,"column":53}}},"branchMap":{"1":{"line":9,"type":"binary-expr","locations":[{"start":{"line":9,"column":27},"end":{"line":9,"column":50}},{"start":{"line":9,"column":54},"end":{"line":9,"column":76}}]},"2":{"line":14,"type":"if","locations":[{"start":{"line":14,"column":12},"end":{"line":14,"column":12}},{"start":{"line":14,"column":12},"end":{"line":14,"column":12}}]}}},"d:\\Workspace\\Laicos\\Source\\ibhs\\ibhs_api\\api\\policies\\bearer.js":{"path":"d:\\Workspace\\Laicos\\Source\\ibhs\\ibhs_api\\api\\policies\\bearer.js","s":{"1":1,"2":1,"3":0,"4":0,"5":0,"6":0,"7":0,"8":0},"b":{"1":[0,0],"2":[0,0]},"f":{"1":0,"2":0},"fnMap":{"1":{"name":"(anonymous_1)","line":6,"loc":{"start":{"line":6,"column":17},"end":{"line":6,"column":43}}},"2":{"name":"(anonymous_2)","line":7,"loc":{"start":{"line":7,"column":56},"end":{"line":7,"column":83}}}},"statementMap":{"1":{"start":{"line":4,"column":0},"end":{"line":4,"column":35}},"2":{"start":{"line":6,"column":0},"end":{"line":18,"column":2}},"3":{"start":{"line":7,"column":4},"end":{"line":17,"column":17}},"4":{"start":{"line":11,"column":8},"end":{"line":11,"column":34}},"5":{"start":{"line":11,"column":17},"end":{"line":11,"column":34}},"6":{"start":{"line":12,"column":8},"end":{"line":12,"column":32}},"7":{"start":{"line":12,"column":18},"end":{"line":12,"column":32}},"8":{"start":{"line":14,"column":8},"end":{"line":14,"column":91}}},"branchMap":{"1":{"line":11,"type":"if","locations":[{"start":{"line":11,"column":8},"end":{"line":11,"column":8}},{"start":{"line":11,"column":8},"end":{"line":11,"column":8}}]},"2":{"line":12,"type":"if","locations":[{"start":{"line":12,"column":8},"end":{"line":12,"column":8}},{"start":{"line":12,"column":8},"end":{"line":12,"column":8}}]}}},"d:\\Workspace\\Laicos\\Source\\ibhs\\ibhs_api\\api\\policies\\private.js":{"path":"d:\\Workspace\\Laicos\\Source\\ibhs\\ibhs_api\\api\\policies\\private.js","s":{"1":1,"2":1,"3":0,"4":0,"5":0,"6":0,"7":0,"8":0,"9":0,"10":0,"11":0,"12":0,"13":0},"b":{"1":[0,0],"2":[0,0]},"f":{"1":0,"2":0},"fnMap":{"1":{"name":"(anonymous_1)","line":7,"loc":{"start":{"line":7,"column":17},"end":{"line":7,"column":43}}},"2":{"name":"(anonymous_2)","line":15,"loc":{"start":{"line":15,"column":13},"end":{"line":15,"column":41}}}},"statementMap":{"1":{"start":{"line":5,"column":0},"end":{"line":5,"column":35}},"2":{"start":{"line":7,"column":0},"end":{"line":43,"column":2}},"3":{"start":{"line":9,"column":4},"end":{"line":41,"column":5}},"4":{"start":{"line":11,"column":8},"end":{"line":11,"column":58}},"5":{"start":{"line":14,"column":8},"end":{"line":36,"column":32}},"6":{"start":{"line":18,"column":17},"end":{"line":34,"column":18}},"7":{"start":{"line":19,"column":21},"end":{"line":19,"column":78}},"8":{"start":{"line":20,"column":21},"end":{"line":20,"column":49}},"9":{"start":{"line":23,"column":21},"end":{"line":23,"column":81}},"10":{"start":{"line":24,"column":21},"end":{"line":33,"column":22}},"11":{"start":{"line":25,"column":25},"end":{"line":25,"column":39}},"12":{"start":{"line":29,"column":25},"end":{"line":32,"column":28}},"13":{"start":{"line":40,"column":8},"end":{"line":40,"column":53}}},"branchMap":{"1":{"line":18,"type":"if","locations":[{"start":{"line":18,"column":17},"end":{"line":18,"column":17}},{"start":{"line":18,"column":17},"end":{"line":18,"column":17}}]},"2":{"line":24,"type":"if","locations":[{"start":{"line":24,"column":21},"end":{"line":24,"column":21}},{"start":{"line":24,"column":21},"end":{"line":24,"column":21}}]}}},"d:\\Workspace\\Laicos\\Source\\ibhs\\ibhs_api\\api\\policies\\session.js":{"path":"d:\\Workspace\\Laicos\\Source\\ibhs\\ibhs_api\\api\\policies\\session.js","s":{"1":1,"2":0,"3":0,"4":0,"5":0,"6":0,"7":0,"8":0,"9":0,"10":0},"b":{"1":[0,0]},"f":{"1":0,"2":0,"3":0},"fnMap":{"1":{"name":"(anonymous_1)","line":10,"loc":{"start":{"line":10,"column":17},"end":{"line":10,"column":42}}},"2":{"name":"(anonymous_2)","line":16,"loc":{"start":{"line":16,"column":62},"end":{"line":16,"column":81}}},"3":{"name":"(anonymous_3)","line":27,"loc":{"start":{"line":27,"column":12},"end":{"line":27,"column":25}}}},"statementMap":{"1":{"start":{"line":10,"column":0},"end":{"line":33,"column":2}},"2":{"start":{"line":13,"column":4},"end":{"line":13,"column":65}},"3":{"start":{"line":16,"column":4},"end":{"line":31,"column":7}},"4":{"start":{"line":18,"column":8},"end":{"line":25,"column":9}},"5":{"start":{"line":20,"column":12},"end":{"line":20,"column":49}},"6":{"start":{"line":21,"column":12},"end":{"line":21,"column":26}},"7":{"start":{"line":23,"column":12},"end":{"line":23,"column":83}},"8":{"start":{"line":24,"column":12},"end":{"line":24,"column":61}},"9":{"start":{"line":29,"column":8},"end":{"line":29,"column":61}},"10":{"start":{"line":30,"column":8},"end":{"line":30,"column":45}}},"branchMap":{"1":{"line":18,"type":"if","locations":[{"start":{"line":18,"column":8},"end":{"line":18,"column":8}},{"start":{"line":18,"column":8},"end":{"line":18,"column":8}}]}}}}