TN:
SF:d:\Workspace\Laicos\Source\ibhs\ibhs_api\api\responses\badRequest.js
FN:18,badRequest
FN:59,couldNotGuessView
FNF:2
FNH:0
FNDA:0,badRequest
FNDA:0,couldNotGuessView
DA:18,1
DA:21,0
DA:22,0
DA:23,0
DA:26,0
DA:29,0
DA:30,0
DA:32,0
DA:37,0
DA:38,0
DA:42,0
DA:43,0
DA:48,0
DA:53,0
DA:54,0
DA:59,0
DA:60,0
LF:17
LH:1
BRDA:29,1,0,0
BRDA:29,1,1,0
BRDA:37,2,0,0
BRDA:37,2,1,0
BRDA:42,3,0,0
BRDA:42,3,1,0
BRDA:48,4,0,0
BRDA:48,4,1,0
BRDA:48,5,0,0
BRDA:48,5,1,0
BRDA:53,6,0,0
BRDA:53,6,1,0
BRF:12
BRH:0
end_of_record
TN:
SF:d:\Workspace\Laicos\Source\ibhs\ibhs_api\api\responses\forbidden.js
FN:15,forbidden
FN:56,(anonymous_2)
FNF:2
FNH:0
FNDA:0,forbidden
FNDA:0,(anonymous_2)
DA:15,1
DA:18,0
DA:19,0
DA:20,0
DA:23,0
DA:26,0
DA:27,0
DA:29,0
DA:34,0
DA:35,0
DA:39,0
DA:40,0
DA:45,0
DA:50,0
DA:51,0
DA:56,0
DA:59,0
DA:63,0
DA:64,0
DA:68,0
DA:70,0
DA:73,0
LF:22
LH:1
BRDA:26,1,0,0
BRDA:26,1,1,0
BRDA:34,2,0,0
BRDA:34,2,1,0
BRDA:39,3,0,0
BRDA:39,3,1,0
BRDA:45,4,0,0
BRDA:45,4,1,0
BRDA:45,5,0,0
BRDA:45,5,1,0
BRDA:50,6,0,0
BRDA:50,6,1,0
BRDA:59,7,0,0
BRDA:59,7,1,0
BRDA:63,8,0,0
BRDA:63,8,1,0
BRF:16
BRH:0
end_of_record
TN:
SF:d:\Workspace\Laicos\Source\ibhs\ibhs_api\api\responses\notFound.js
FN:20,notFound
FN:61,(anonymous_2)
FNF:2
FNH:0
FNDA:0,notFound
FNDA:0,(anonymous_2)
DA:20,1
DA:23,0
DA:24,0
DA:25,0
DA:28,0
DA:31,0
DA:32,0
DA:34,0
DA:39,0
DA:40,0
DA:44,0
DA:45,0
DA:50,0
DA:55,0
DA:56,0
DA:61,0
DA:64,0
DA:68,0
DA:69,0
DA:73,0
DA:75,0
DA:78,0
LF:22
LH:1
BRDA:31,1,0,0
BRDA:31,1,1,0
BRDA:39,2,0,0
BRDA:39,2,1,0
BRDA:44,3,0,0
BRDA:44,3,1,0
BRDA:50,4,0,0
BRDA:50,4,1,0
BRDA:50,5,0,0
BRDA:50,5,1,0
BRDA:55,6,0,0
BRDA:55,6,1,0
BRDA:64,7,0,0
BRDA:64,7,1,0
BRDA:68,8,0,0
BRDA:68,8,1,0
BRF:16
BRH:0
end_of_record
TN:
SF:d:\Workspace\Laicos\Source\ibhs\ibhs_api\api\responses\ok.js
FN:14,sendOK
FN:44,couldNotGuessView
FNF:2
FNH:0
FNDA:0,sendOK
FNDA:0,couldNotGuessView
DA:14,1
DA:17,0
DA:18,0
DA:19,0
DA:21,0
DA:24,0
DA:27,0
DA:28,0
DA:33,0
DA:38,0
DA:39,0
DA:44,0
DA:45,0
LF:13
LH:1
BRDA:27,1,0,0
BRDA:27,1,1,0
BRDA:33,2,0,0
BRDA:33,2,1,0
BRDA:33,3,0,0
BRDA:33,3,1,0
BRDA:38,4,0,0
BRDA:38,4,1,0
BRF:8
BRH:0
end_of_record
TN:
SF:d:\Workspace\Laicos\Source\ibhs\ibhs_api\api\responses\serverError.js
FN:15,serverError
FN:56,(anonymous_2)
FNF:2
FNH:0
FNDA:0,serverError
FNDA:0,(anonymous_2)
DA:15,1
DA:18,0
DA:19,0
DA:20,0
DA:23,0
DA:26,0
DA:27,0
DA:29,0
DA:34,0
DA:35,0
DA:39,0
DA:40,0
DA:45,0
DA:50,0
DA:51,0
DA:56,0
DA:59,0
DA:63,0
DA:64,0
DA:68,0
DA:70,0
DA:73,0
LF:22
LH:1
BRDA:26,1,0,0
BRDA:26,1,1,0
BRDA:34,2,0,0
BRDA:34,2,1,0
BRDA:39,3,0,0
BRDA:39,3,1,0
BRDA:45,4,0,0
BRDA:45,4,1,0
BRDA:45,5,0,0
BRDA:45,5,1,0
BRDA:50,6,0,0
BRDA:50,6,1,0
BRDA:59,7,0,0
BRDA:59,7,1,0
BRDA:63,8,0,0
BRDA:63,8,1,0
BRF:16
BRH:0
end_of_record
TN:
SF:d:\Workspace\Laicos\Source\ibhs\ibhs_api\api\responses\unauthorized.js
FN:15,expired
FN:56,(anonymous_2)
FNF:2
FNH:0
FNDA:0,expired
FNDA:0,(anonymous_2)
DA:15,1
DA:18,0
DA:19,0
DA:20,0
DA:23,0
DA:26,0
DA:27,0
DA:29,0
DA:34,0
DA:35,0
DA:39,0
DA:40,0
DA:45,0
DA:50,0
DA:51,0
DA:56,0
DA:59,0
DA:63,0
DA:64,0
DA:68,0
DA:70,0
DA:73,0
LF:22
LH:1
BRDA:26,1,0,0
BRDA:26,1,1,0
BRDA:34,2,0,0
BRDA:34,2,1,0
BRDA:39,3,0,0
BRDA:39,3,1,0
BRDA:45,4,0,0
BRDA:45,4,1,0
BRDA:45,5,0,0
BRDA:45,5,1,0
BRDA:50,6,0,0
BRDA:50,6,1,0
BRDA:59,7,0,0
BRDA:59,7,1,0
BRDA:63,8,0,0
BRDA:63,8,1,0
BRF:16
BRH:0
end_of_record
TN:
SF:d:\Workspace\Laicos\Source\ibhs\ibhs_api\api\services\AuthStrategies.js
FN:13,(anonymous_1)
FN:19,(anonymous_2)
FN:23,(anonymous_3)
FN:31,(anonymous_4)
FN:39,(anonymous_5)
FN:46,(anonymous_6)
FN:52,(anonymous_7)
FN:62,(anonymous_8)
FN:76,(anonymous_9)
FN:84,(anonymous_10)
FN:92,(anonymous_11)
FN:99,(anonymous_12)
FN:107,(anonymous_13)
FN:123,(anonymous_14)
FN:127,(anonymous_15)
FN:135,(anonymous_16)
FN:149,(anonymous_17)
FNF:17
FNH:0
FNDA:0,(anonymous_1)
FNDA:0,(anonymous_2)
FNDA:0,(anonymous_3)
FNDA:0,(anonymous_4)
FNDA:0,(anonymous_5)
FNDA:0,(anonymous_6)
FNDA:0,(anonymous_7)
FNDA:0,(anonymous_8)
FNDA:0,(anonymous_9)
FNDA:0,(anonymous_10)
FNDA:0,(anonymous_11)
FNDA:0,(anonymous_12)
FNDA:0,(anonymous_13)
FNDA:0,(anonymous_14)
FNDA:0,(anonymous_15)
FNDA:0,(anonymous_16)
FNDA:0,(anonymous_17)
DA:7,1
DA:13,1
DA:16,0
DA:19,1
DA:22,0
DA:24,0
DA:30,1
DA:33,0
DA:35,0
DA:38,0
DA:41,0
DA:43,0
DA:46,0
DA:48,0
DA:50,0
DA:53,0
DA:54,0
DA:57,0
DA:58,0
DA:63,0
DA:68,0
DA:69,0
DA:75,1
DA:78,0
DA:80,0
DA:83,0
DA:87,0
DA:89,0
DA:92,0
DA:94,0
DA:97,0
DA:100,0
DA:103,0
DA:104,0
DA:108,0
DA:109,0
DA:113,0
DA:114,0
DA:122,1
DA:125,0
DA:127,0
DA:129,0
DA:130,0
DA:132,0
DA:136,0
DA:137,0
DA:140,0
DA:141,0
DA:147,1
DA:151,0
DA:153,0
DA:154,0
DA:155,0
DA:157,0
DA:158,0
LF:55
LH:7
BRDA:41,1,0,0
BRDA:41,1,1,0
BRDA:87,2,0,0
BRDA:87,2,1,0
BRDA:129,3,0,0
BRDA:129,3,1,0
BRDA:129,4,0,0
BRDA:129,4,1,0
BRDA:153,5,0,0
BRDA:153,5,1,0
BRDA:153,6,0,0
BRDA:153,6,1,0
BRF:12
BRH:0
end_of_record
TN:
SF:d:\Workspace\Laicos\Source\ibhs\ibhs_api\api\services\CommonFactory.js
FN:5,(anonymous_1)
FN:11,(anonymous_2)
FN:15,(anonymous_3)
FN:32,(anonymous_4)
FNF:4
FNH:1
FNDA:0,(anonymous_1)
FNDA:0,(anonymous_2)
FNDA:0,(anonymous_3)
FNDA:194,(anonymous_4)
DA:3,1
DA:7,0
DA:12,0
DA:16,0
DA:17,0
DA:19,0
DA:21,0
DA:23,0
DA:24,0
DA:29,0
DA:33,194
DA:35,194
DA:37,194
DA:40,194
DA:43,194
DA:45,194
DA:46,194
DA:54,194
DA:57,0
DA:58,0
DA:62,0
DA:63,0
LF:22
LH:9
BRDA:7,1,0,0
BRDA:7,1,1,0
BRDA:7,1,2,0
BRDA:12,2,0,0
BRDA:12,2,1,0
BRDA:23,3,0,0
BRDA:23,3,1,0
BRDA:35,4,0,194
BRDA:35,4,1,0
BRDA:45,5,0,194
BRDA:45,5,1,0
BRF:11
BRH:2
end_of_record
TN:
SF:d:\Workspace\Laicos\Source\ibhs\ibhs_api\api\services\Email.js
FN:5,(anonymous_1)
FN:14,(anonymous_2)
FN:27,createTransport
FNF:3
FNH:0
FNDA:0,(anonymous_1)
FNDA:0,(anonymous_2)
FNDA:0,createTransport
DA:1,1
DA:4,1
DA:6,0
DA:7,0
DA:10,0
DA:11,0
DA:14,0
DA:15,0
DA:16,0
DA:18,0
DA:24,1
DA:27,1
DA:28,0
DA:29,0
DA:31,0
LF:15
LH:4
BRDA:6,1,0,0
BRDA:6,1,1,0
BRDA:10,2,0,0
BRDA:10,2,1,0
BRDA:15,3,0,0
BRDA:15,3,1,0
BRDA:28,4,0,0
BRDA:28,4,1,0
BRF:8
BRH:0
end_of_record
TN:
SF:d:\Workspace\Laicos\Source\ibhs\ibhs_api\api\services\FileCacheFactory.js
FN:8,(anonymous_1)
FN:43,(anonymous_2)
FN:51,(anonymous_3)
FN:54,(anonymous_4)
FN:89,(anonymous_5)
FN:94,(anonymous_6)
FN:108,(anonymous_7)
FN:120,(anonymous_8)
FN:125,(anonymous_9)
FN:130,(anonymous_10)
FN:139,(anonymous_11)
FN:147,(anonymous_12)
FN:175,(anonymous_13)
FN:177,(anonymous_14)
FN:200,(anonymous_15)
FN:228,(anonymous_16)
FN:230,(anonymous_17)
FN:236,(anonymous_18)
FN:273,(anonymous_19)
FN:275,(anonymous_20)
FN:278,(anonymous_21)
FNF:21
FNH:20
FNDA:194,(anonymous_1)
FNDA:1,(anonymous_2)
FNDA:21,(anonymous_3)
FNDA:194,(anonymous_4)
FNDA:753,(anonymous_5)
FNDA:29,(anonymous_6)
FNDA:1,(anonymous_7)
FNDA:1,(anonymous_8)
FNDA:1,(anonymous_9)
FNDA:1,(anonymous_10)
FNDA:1,(anonymous_11)
FNDA:0,(anonymous_12)
FNDA:1,(anonymous_13)
FNDA:1,(anonymous_14)
FNDA:1,(anonymous_15)
FNDA:1,(anonymous_16)
FNDA:1,(anonymous_17)
FNDA:1,(anonymous_18)
FNDA:1,(anonymous_19)
FNDA:1,(anonymous_20)
FNDA:1,(anonymous_21)
DA:2,1
DA:3,1
DA:6,1
DA:10,194
DA:13,194
DA:14,194
DA:16,194
DA:19,194
DA:30,194
DA:35,0
DA:36,0
DA:45,1
DA:47,1
DA:48,1
DA:51,1
DA:54,21
DA:57,194
DA:60,194
DA:63,194
DA:65,194
DA:68,183
DA:72,11
DA:84,1
DA:85,1
DA:86,11
DA:89,753
DA:94,29
DA:96,1
DA:99,0
DA:100,0
DA:106,1
DA:111,1
DA:112,1
DA:113,13
DA:116,1
DA:122,1
DA:127,1
DA:132,1
DA:133,1
DA:136,0
DA:141,1
DA:143,1
DA:144,0
DA:147,0
DA:149,0
DA:156,0
DA:157,0
DA:167,1
DA:173,1
DA:177,1
DA:179,1
DA:182,1
DA:185,1
DA:188,1
DA:189,1
DA:190,1
DA:194,1
DA:195,1
DA:196,0
DA:200,1
DA:202,1
DA:203,0
DA:204,0
DA:207,1
DA:209,1
DA:211,1
DA:213,0
DA:220,0
DA:224,1
DA:230,1
DA:232,1
DA:234,1
DA:236,1
DA:237,1
DA:238,0
DA:239,0
DA:242,1
DA:244,1
DA:245,7
DA:246,1
DA:247,1
DA:251,1
DA:254,0
DA:255,0
DA:262,0
DA:263,0
DA:268,1
DA:275,1
DA:278,1
DA:280,1
DA:281,0
DA:282,0
DA:285,1
DA:292,1
LF:94
LH:71
BRDA:16,1,0,194
BRDA:16,1,1,0
BRDA:22,2,0,194
BRDA:22,2,1,0
BRDA:57,3,0,194
BRDA:57,3,1,0
BRDA:57,4,0,194
BRDA:57,4,1,194
BRDA:63,5,0,194
BRDA:63,5,1,0
BRDA:65,6,0,183
BRDA:65,6,1,11
BRDA:89,7,0,442
BRDA:89,7,1,311
BRDA:89,8,0,311
BRDA:89,8,1,0
BRDA:94,9,0,18
BRDA:94,9,1,11
BRDA:94,10,0,11
BRDA:94,10,1,0
BRDA:132,11,0,1
BRDA:132,11,1,0
BRDA:143,12,0,0
BRDA:143,12,1,1
BRDA:156,13,0,0
BRDA:156,13,1,0
BRDA:179,14,0,1
BRDA:179,14,1,0
BRDA:179,15,0,1
BRDA:179,15,1,1
BRDA:189,16,0,1
BRDA:189,16,1,0
BRDA:195,17,0,0
BRDA:195,17,1,1
BRDA:202,18,0,0
BRDA:202,18,1,1
BRDA:207,19,0,1
BRDA:207,19,1,0
BRDA:207,20,0,1
BRDA:207,20,1,1
BRDA:237,21,0,0
BRDA:237,21,1,1
BRDA:242,22,0,1
BRDA:242,22,1,0
BRDA:242,23,0,1
BRDA:242,23,1,1
BRDA:242,23,2,1
BRDA:245,24,0,1
BRDA:245,24,1,6
BRDA:280,25,0,0
BRDA:280,25,1,1
BRF:51
BRH:33
end_of_record
TN:
SF:d:\Workspace\Laicos\Source\ibhs\ibhs_api\api\services\FileStoreFactory.js
FN:19,(anonymous_1)
FN:24,(anonymous_2)
FN:26,(anonymous_3)
FN:42,(anonymous_4)
FN:83,(anonymous_5)
FN:85,(anonymous_6)
FN:100,(anonymous_7)
FN:125,(anonymous_8)
FN:127,(anonymous_9)
FN:152,(anonymous_10)
FN:192,(anonymous_11)
FN:243,(anonymous_12)
FN:260,(anonymous_13)
FN:262,(anonymous_14)
FN:301,(anonymous_15)
FN:337,(anonymous_16)
FN:339,(anonymous_17)
FN:357,(anonymous_18)
FNF:18
FNH:0
FNDA:0,(anonymous_1)
FNDA:0,(anonymous_2)
FNDA:0,(anonymous_3)
FNDA:0,(anonymous_4)
FNDA:0,(anonymous_5)
FNDA:0,(anonymous_6)
FNDA:0,(anonymous_7)
FNDA:0,(anonymous_8)
FNDA:0,(anonymous_9)
FNDA:0,(anonymous_10)
FNDA:0,(anonymous_11)
FNDA:0,(anonymous_12)
FNDA:0,(anonymous_13)
FNDA:0,(anonymous_14)
FNDA:0,(anonymous_15)
FNDA:0,(anonymous_16)
FNDA:0,(anonymous_17)
FNDA:0,(anonymous_18)
DA:5,1
DA:6,1
DA:7,1
DA:8,1
DA:12,1
DA:13,1
DA:17,1
DA:21,0
DA:26,0
DA:29,0
DA:31,0
DA:44,0
DA:46,0
DA:48,0
DA:51,0
DA:53,0
DA:55,0
DA:57,0
DA:61,0
DA:66,0
DA:67,0
DA:74,0
DA:79,0
DA:85,0
DA:88,0
DA:97,0
DA:100,0
DA:102,0
DA:104,0
DA:105,0
DA:107,0
DA:111,0
DA:112,0
DA:120,0
DA:127,0
DA:129,0
DA:136,0
DA:148,0
DA:152,0
DA:154,0
DA:156,0
DA:158,0
DA:159,0
DA:160,0
DA:161,0
DA:162,0
DA:163,0
DA:166,0
DA:167,0
DA:169,0
DA:175,0
DA:176,0
DA:182,0
DA:188,0
DA:196,0
DA:199,0
DA:210,0
DA:211,0
DA:245,0
DA:247,0
DA:250,0
DA:253,0
DA:254,0
DA:262,0
DA:264,0
DA:267,0
DA:280,0
DA:281,0
DA:284,0
DA:285,0
DA:288,0
DA:289,0
DA:292,0
DA:293,0
DA:296,0
DA:297,0
DA:301,0
DA:303,0
DA:305,0
DA:307,0
DA:310,0
DA:313,0
DA:317,0
DA:318,0
DA:325,0
DA:326,0
DA:331,0
DA:339,0
DA:343,0
DA:354,0
DA:357,0
DA:359,0
DA:363,0
DA:365,0
DA:366,0
DA:369,0
DA:374,0
DA:375,0
DA:384,0
LF:99
LH:7
BRDA:29,1,0,0
BRDA:29,1,1,0
BRDA:48,2,0,0
BRDA:48,2,1,0
BRDA:48,3,0,0
BRDA:48,3,1,0
BRDA:48,3,2,0
BRDA:48,3,3,0
BRDA:48,3,4,0
BRDA:48,3,5,0
BRDA:51,4,0,0
BRDA:51,4,1,0
BRDA:51,5,0,0
BRDA:51,5,1,0
BRDA:104,6,0,0
BRDA:104,6,1,0
BRDA:104,7,0,0
BRDA:104,7,1,0
BRDA:158,8,0,0
BRDA:158,8,1,0
BRDA:158,9,0,0
BRDA:158,9,1,0
BRDA:161,10,0,0
BRDA:161,10,1,0
BRDA:166,11,0,0
BRDA:166,11,1,0
BRDA:280,12,0,0
BRDA:280,12,1,0
BRDA:284,13,0,0
BRDA:284,13,1,0
BRDA:288,14,0,0
BRDA:288,14,1,0
BRDA:288,15,0,0
BRDA:288,15,1,0
BRDA:288,15,2,0
BRDA:292,16,0,0
BRDA:292,16,1,0
BRDA:292,17,0,0
BRDA:292,17,1,0
BRDA:296,18,0,0
BRDA:296,18,1,0
BRDA:296,19,0,0
BRDA:296,19,1,0
BRDA:307,20,0,0
BRDA:307,20,1,0
BRDA:307,21,0,0
BRDA:307,21,1,0
BRDA:307,21,2,0
BRDA:307,21,3,0
BRDA:307,21,4,0
BRDA:307,21,5,0
BRDA:363,22,0,0
BRDA:363,22,1,0
BRF:53
BRH:0
end_of_record
TN:
SF:d:\Workspace\Laicos\Source\ibhs\ibhs_api\api\services\Logger.js
FN:11,(anonymous_1)
FNF:1
FNH:0
FNDA:0,(anonymous_1)
DA:6,1
DA:7,1
DA:9,1
DA:13,0
DA:16,0
DA:22,0
DA:28,1
DA:36,1
LF:8
LH:5
BRF:0
BRH:0
end_of_record
TN:
SF:d:\Workspace\Laicos\Source\ibhs\ibhs_api\api\services\RegionLookup.js
FN:8,(anonymous_1)
FN:19,(anonymous_2)
FN:37,(anonymous_3)
FN:61,(anonymous_4)
FN:81,(anonymous_5)
FNF:5
FNH:0
FNDA:0,(anonymous_1)
FNDA:0,(anonymous_2)
FNDA:0,(anonymous_3)
FNDA:0,(anonymous_4)
FNDA:0,(anonymous_5)
DA:1,1
DA:6,1
DA:9,0
DA:10,0
DA:11,0
DA:12,0
DA:16,0
DA:20,0
DA:21,0
DA:22,0
DA:24,0
DA:25,0
DA:26,0
DA:27,0
DA:28,0
DA:31,0
DA:32,0
DA:33,0
DA:34,0
DA:37,0
DA:38,0
DA:39,0
DA:40,0
DA:44,0
DA:45,0
DA:46,0
DA:49,0
DA:50,0
DA:53,0
DA:57,0
DA:62,0
DA:64,0
DA:65,0
DA:67,0
DA:68,0
DA:71,0
DA:72,0
DA:73,0
DA:76,0
DA:81,0
DA:82,0
DA:83,0
DA:84,0
DA:87,0
DA:88,0
DA:90,0
DA:91,0
DA:94,0
DA:95,0
DA:96,0
DA:99,0
DA:100,0
DA:101,0
DA:102,0
DA:104,0
DA:106,0
DA:107,0
DA:108,0
DA:113,0
DA:120,0
LF:60
LH:2
BRDA:10,1,0,0
BRDA:10,1,1,0
BRDA:20,2,0,0
BRDA:20,2,1,0
BRDA:20,3,0,0
BRDA:20,3,1,0
BRDA:26,4,0,0
BRDA:26,4,1,0
BRDA:32,5,0,0
BRDA:32,5,1,0
BRDA:32,6,0,0
BRDA:32,6,1,0
BRDA:39,7,0,0
BRDA:39,7,1,0
BRDA:44,8,0,0
BRDA:44,8,1,0
BRDA:64,9,0,0
BRDA:64,9,1,0
BRDA:67,10,0,0
BRDA:67,10,1,0
BRDA:71,11,0,0
BRDA:71,11,1,0
BRDA:82,12,0,0
BRDA:82,12,1,0
BRDA:94,13,0,0
BRDA:94,13,1,0
BRDA:94,14,0,0
BRDA:94,14,1,0
BRDA:100,15,0,0
BRDA:100,15,1,0
BRDA:106,16,0,0
BRDA:106,16,1,0
BRF:32
BRH:0
end_of_record
TN:
SF:d:\Workspace\Laicos\Source\ibhs\ibhs_api\api\services\SalesForce.js
FN:15,(anonymous_1)
FN:53,(anonymous_2)
FN:83,(anonymous_3)
FN:104,(anonymous_4)
FN:142,(anonymous_5)
FN:144,(anonymous_6)
FN:159,(anonymous_7)
FN:178,(anonymous_8)
FN:183,(anonymous_9)
FN:193,(anonymous_10)
FN:206,(anonymous_11)
FN:208,(anonymous_12)
FN:210,(anonymous_13)
FN:243,(anonymous_14)
FN:252,(anonymous_15)
FN:270,(anonymous_16)
FN:283,(anonymous_17)
FN:285,(anonymous_18)
FN:287,(anonymous_19)
FN:296,(anonymous_20)
FN:307,(anonymous_21)
FN:318,(anonymous_22)
FN:320,(anonymous_23)
FN:322,(anonymous_24)
FN:338,(anonymous_25)
FN:350,(anonymous_26)
FN:361,(anonymous_27)
FN:373,(anonymous_28)
FN:375,(anonymous_29)
FN:377,(anonymous_30)
FN:389,(anonymous_31)
FN:402,(anonymous_32)
FN:413,(anonymous_33)
FNF:33
FNH:0
FNDA:0,(anonymous_1)
FNDA:0,(anonymous_2)
FNDA:0,(anonymous_3)
FNDA:0,(anonymous_4)
FNDA:0,(anonymous_5)
FNDA:0,(anonymous_6)
FNDA:0,(anonymous_7)
FNDA:0,(anonymous_8)
FNDA:0,(anonymous_9)
FNDA:0,(anonymous_10)
FNDA:0,(anonymous_11)
FNDA:0,(anonymous_12)
FNDA:0,(anonymous_13)
FNDA:0,(anonymous_14)
FNDA:0,(anonymous_15)
FNDA:0,(anonymous_16)
FNDA:0,(anonymous_17)
FNDA:0,(anonymous_18)
FNDA:0,(anonymous_19)
FNDA:0,(anonymous_20)
FNDA:0,(anonymous_21)
FNDA:0,(anonymous_22)
FNDA:0,(anonymous_23)
FNDA:0,(anonymous_24)
FNDA:0,(anonymous_25)
FNDA:0,(anonymous_26)
FNDA:0,(anonymous_27)
FNDA:0,(anonymous_28)
FNDA:0,(anonymous_29)
FNDA:0,(anonymous_30)
FNDA:0,(anonymous_31)
FNDA:0,(anonymous_32)
FNDA:0,(anonymous_33)
DA:7,1
DA:8,1
DA:9,1
DA:10,1
DA:11,1
DA:13,1
DA:17,0
DA:19,0
DA:21,0
DA:35,0
DA:36,0
DA:40,0
DA:41,0
DA:45,0
DA:46,0
DA:50,0
DA:53,0
DA:56,0
DA:59,0
DA:62,0
DA:63,0
DA:66,0
DA:71,0
DA:73,0
DA:78,0
DA:79,0
DA:85,0
DA:87,0
DA:88,0
DA:94,0
DA:98,0
DA:99,0
DA:106,0
DA:108,0
DA:110,0
DA:113,0
DA:121,0
DA:128,0
DA:132,0
DA:133,0
DA:140,1
DA:144,0
DA:146,0
DA:148,0
DA:151,0
DA:154,0
DA:157,0
DA:158,0
DA:161,0
DA:162,0
DA:163,0
DA:165,0
DA:166,0
DA:173,0
DA:180,0
DA:182,0
DA:185,0
DA:187,0
DA:188,0
DA:190,0
DA:196,0
DA:201,1
DA:208,0
DA:210,0
DA:225,0
DA:228,0
DA:245,0
DA:246,0
DA:247,0
DA:248,0
DA:250,0
DA:252,0
DA:253,0
DA:258,0
DA:261,0
DA:264,0
DA:273,0
DA:278,0
DA:285,0
DA:287,0
DA:290,0
DA:299,0
DA:300,0
DA:301,0
DA:303,0
DA:310,0
DA:314,0
DA:320,0
DA:322,0
DA:324,0
DA:340,0
DA:341,0
DA:342,0
DA:345,0
DA:347,0
DA:348,0
DA:350,0
DA:351,0
DA:355,0
DA:364,0
DA:369,0
DA:375,0
DA:377,0
DA:379,0
DA:392,0
DA:393,0
DA:394,0
DA:397,0
DA:399,0
DA:400,0
DA:402,0
DA:403,0
DA:407,0
DA:416,0
DA:421,0
DA:425,1
LF:116
LH:9
BRDA:19,1,0,0
BRDA:19,1,1,0
BRDA:26,2,0,0
BRDA:26,2,1,0
BRDA:35,3,0,0
BRDA:35,3,1,0
BRDA:40,4,0,0
BRDA:40,4,1,0
BRDA:45,5,0,0
BRDA:45,5,1,0
BRDA:50,6,0,0
BRDA:50,6,1,0
BRDA:50,7,0,0
BRDA:50,7,1,0
BRDA:50,7,2,0
BRDA:62,8,0,0
BRDA:62,8,1,0
BRDA:87,9,0,0
BRDA:87,9,1,0
BRDA:108,10,0,0
BRDA:108,10,1,0
BRDA:110,11,0,0
BRDA:110,11,1,0
BRDA:146,12,0,0
BRDA:146,12,1,0
BRDA:146,13,0,0
BRDA:146,13,1,0
BRDA:161,14,0,0
BRDA:161,14,1,0
BRDA:187,15,0,0
BRDA:187,15,1,0
BRDA:187,16,0,0
BRDA:187,16,1,0
BRDA:187,16,2,0
BRDA:187,16,3,0
BRDA:240,17,0,0
BRDA:240,17,1,0
BRDA:240,18,0,0
BRDA:240,18,1,0
BRDA:241,19,0,0
BRDA:241,19,1,0
BRDA:241,20,0,0
BRDA:241,20,1,0
BRDA:246,21,0,0
BRDA:246,21,1,0
BRDA:250,22,0,0
BRDA:250,22,1,0
BRDA:250,23,0,0
BRDA:250,23,1,0
BRDA:299,24,0,0
BRDA:299,24,1,0
BRDA:340,25,0,0
BRDA:340,25,1,0
BRDA:348,26,0,0
BRDA:348,26,1,0
BRDA:348,27,0,0
BRDA:348,27,1,0
BRDA:392,28,0,0
BRDA:392,28,1,0
BRDA:400,29,0,0
BRDA:400,29,1,0
BRDA:400,30,0,0
BRDA:400,30,1,0
BRF:63
BRH:0
end_of_record
TN:
SF:d:\Workspace\Laicos\Source\ibhs\ibhs_api\api\services\SyncFactory.js
FN:15,(anonymous_1)
FN:17,(anonymous_2)
FN:22,(anonymous_3)
FN:41,(anonymous_4)
FN:43,(anonymous_5)
FN:48,(anonymous_6)
FN:52,(anonymous_7)
FN:54,(anonymous_8)
FN:63,(anonymous_9)
FN:81,(anonymous_10)
FN:86,(anonymous_11)
FN:109,(anonymous_12)
FN:117,(anonymous_13)
FN:128,(anonymous_14)
FN:146,(anonymous_15)
FN:176,(anonymous_16)
FN:183,(anonymous_17)
FN:192,(anonymous_18)
FN:195,(anonymous_19)
FN:205,(anonymous_20)
FN:215,(anonymous_21)
FN:217,(anonymous_22)
FN:229,(anonymous_23)
FN:238,(anonymous_24)
FN:242,(anonymous_25)
FN:256,(anonymous_26)
FN:265,(anonymous_27)
FN:269,(anonymous_28)
FN:271,(anonymous_29)
FN:274,(anonymous_30)
FN:280,(anonymous_31)
FN:299,(anonymous_32)
FN:313,(anonymous_33)
FN:315,(anonymous_34)
FN:323,(anonymous_35)
FN:332,(anonymous_36)
FN:336,(anonymous_37)
FN:357,(anonymous_38)
FN:363,(anonymous_39)
FN:366,(anonymous_40)
FN:374,cb
FN:394,(anonymous_42)
FNF:42
FNH:0
FNDA:0,(anonymous_1)
FNDA:0,(anonymous_2)
FNDA:0,(anonymous_3)
FNDA:0,(anonymous_4)
FNDA:0,(anonymous_5)
FNDA:0,(anonymous_6)
FNDA:0,(anonymous_7)
FNDA:0,(anonymous_8)
FNDA:0,(anonymous_9)
FNDA:0,(anonymous_10)
FNDA:0,(anonymous_11)
FNDA:0,(anonymous_12)
FNDA:0,(anonymous_13)
FNDA:0,(anonymous_14)
FNDA:0,(anonymous_15)
FNDA:0,(anonymous_16)
FNDA:0,(anonymous_17)
FNDA:0,(anonymous_18)
FNDA:0,(anonymous_19)
FNDA:0,(anonymous_20)
FNDA:0,(anonymous_21)
FNDA:0,(anonymous_22)
FNDA:0,(anonymous_23)
FNDA:0,(anonymous_24)
FNDA:0,(anonymous_25)
FNDA:0,(anonymous_26)
FNDA:0,(anonymous_27)
FNDA:0,(anonymous_28)
FNDA:0,(anonymous_29)
FNDA:0,(anonymous_30)
FNDA:0,(anonymous_31)
FNDA:0,(anonymous_32)
FNDA:0,(anonymous_33)
FNDA:0,(anonymous_34)
FNDA:0,(anonymous_35)
FNDA:0,(anonymous_36)
FNDA:0,(anonymous_37)
FNDA:0,(anonymous_38)
FNDA:0,(anonymous_39)
FNDA:0,(anonymous_40)
FNDA:0,cb
FNDA:0,(anonymous_42)
DA:7,1
DA:8,1
DA:10,1
DA:11,1
DA:13,1
DA:17,0
DA:19,0
DA:22,0
DA:24,0
DA:25,0
DA:27,0
DA:32,0
DA:33,0
DA:38,0
DA:43,0
DA:45,0
DA:48,0
DA:50,0
DA:52,0
DA:54,0
DA:56,0
DA:58,0
DA:60,0
DA:62,0
DA:64,0
DA:65,0
DA:67,0
DA:70,0
DA:71,0
DA:75,0
DA:78,0
DA:79,0
DA:82,0
DA:88,0
DA:90,0
DA:91,0
DA:94,0
DA:95,0
DA:101,0
DA:102,0
DA:106,0
DA:111,0
DA:113,0
DA:114,0
DA:117,0
DA:119,0
DA:121,0
DA:123,0
DA:125,0
DA:127,0
DA:130,0
DA:131,0
DA:135,0
DA:140,0
DA:142,0
DA:145,0
DA:148,0
DA:150,0
DA:151,0
DA:153,0
DA:159,0
DA:160,0
DA:165,0
DA:167,0
DA:171,0
DA:173,0
DA:177,0
DA:178,0
DA:185,0
DA:187,0
DA:188,0
DA:189,0
DA:192,0
DA:194,0
DA:196,0
DA:200,0
DA:201,0
DA:207,0
DA:209,0
DA:211,0
DA:212,0
DA:215,0
DA:216,0
DA:218,0
DA:222,0
DA:223,0
DA:231,0
DA:233,0
DA:234,0
DA:235,0
DA:238,0
DA:240,0
DA:244,0
DA:245,0
DA:250,0
DA:251,0
DA:258,0
DA:260,0
DA:261,0
DA:262,0
DA:265,0
DA:267,0
DA:269,0
DA:271,0
DA:273,0
DA:276,0
DA:281,0
DA:283,0
DA:284,0
DA:287,0
DA:288,0
DA:295,0
DA:296,0
DA:301,0
DA:302,0
DA:307,0
DA:308,0
DA:315,0
DA:317,0
DA:319,0
DA:322,0
DA:325,0
DA:326,0
DA:329,0
DA:332,0
DA:333,0
DA:335,0
DA:337,0
DA:339,0
DA:347,0
DA:349,0
DA:354,0
DA:359,0
DA:366,0
DA:369,0
DA:372,0
DA:374,0
DA:376,0
DA:377,0
DA:378,0
DA:379,0
DA:382,0
DA:385,0
DA:388,0
DA:394,0
DA:396,0
DA:397,0
DA:403,0
DA:404,0
DA:417,1
LF:150
LH:6
BRDA:24,1,0,0
BRDA:24,1,1,0
BRDA:60,2,0,0
BRDA:60,2,1,0
BRDA:60,3,0,0
BRDA:60,3,1,0
BRDA:60,3,2,0
BRDA:62,4,0,0
BRDA:62,4,1,0
BRDA:64,5,0,0
BRDA:64,5,1,0
BRDA:70,6,0,0
BRDA:70,6,1,0
BRDA:88,7,0,0
BRDA:88,7,1,0
BRDA:113,8,0,0
BRDA:113,8,1,0
BRDA:114,9,0,0
BRDA:114,9,1,0
BRDA:121,10,0,0
BRDA:121,10,1,0
BRDA:125,11,0,0
BRDA:125,11,1,0
BRDA:125,12,0,0
BRDA:125,12,1,0
BRDA:125,12,2,0
BRDA:127,13,0,0
BRDA:127,13,1,0
BRDA:127,14,0,0
BRDA:127,14,1,0
BRDA:130,15,0,0
BRDA:130,15,1,0
BRDA:142,16,0,0
BRDA:142,16,1,0
BRDA:142,17,0,0
BRDA:142,17,1,0
BRDA:142,17,2,0
BRDA:145,18,0,0
BRDA:145,18,1,0
BRDA:150,19,0,0
BRDA:150,19,1,0
BRDA:267,20,0,0
BRDA:267,20,1,0
BRDA:267,21,0,0
BRDA:267,21,1,0
BRDA:267,21,2,0
BRDA:281,22,0,0
BRDA:281,22,1,0
BRDA:325,23,0,0
BRDA:325,23,1,0
BRDA:369,24,0,0
BRDA:369,24,1,0
BRDA:377,25,0,0
BRDA:377,25,1,0
BRDA:382,26,0,0
BRDA:382,26,1,0
BRDA:382,27,0,0
BRDA:382,27,1,0
BRF:58
BRH:0
end_of_record
TN:
SF:d:\Workspace\Laicos\Source\ibhs\ibhs_api\api\services\UserFactory.js
FN:13,(anonymous_1)
FN:15,(anonymous_2)
FN:20,(anonymous_3)
FN:26,(anonymous_4)
FNF:4
FNH:0
FNDA:0,(anonymous_1)
FNDA:0,(anonymous_2)
FNDA:0,(anonymous_3)
FNDA:0,(anonymous_4)
DA:8,1
DA:10,1
DA:15,0
DA:17,0
DA:20,0
DA:24,0
DA:27,0
DA:31,0
DA:32,0
DA:37,0
LF:10
LH:2
BRF:0
BRH:0
end_of_record
TN:
SF:d:\Workspace\Laicos\Source\ibhs\ibhs_api\api\models\APIClient.js
FN:34,(anonymous_1)
FN:36,(anonymous_2)
FN:42,(anonymous_3)
FNF:3
FNH:0
FNDA:0,(anonymous_1)
FNDA:0,(anonymous_2)
FNDA:0,(anonymous_3)
DA:7,1
DA:9,1
DA:36,0
DA:38,0
DA:41,0
DA:44,0
DA:45,0
DA:48,0
DA:54,0
DA:55,0
DA:60,0
LF:11
LH:2
BRDA:44,1,0,0
BRDA:44,1,1,0
BRF:2
BRH:0
end_of_record
TN:
SF:d:\Workspace\Laicos\Source\ibhs\ibhs_api\api\models\Cache.js
FN:26,(anonymous_1)
FN:28,(anonymous_2)
FN:46,(anonymous_3)
FNF:3
FNH:3
FNDA:3,(anonymous_1)
FNDA:3,(anonymous_2)
FNDA:3,(anonymous_3)
DA:8,1
DA:28,3
DA:31,3
DA:33,0
DA:34,0
DA:37,3
DA:47,3
DA:48,0
DA:49,0
DA:51,3
LF:10
LH:6
BRDA:31,1,0,0
BRDA:31,1,1,3
BRDA:47,2,0,0
BRDA:47,2,1,3
BRF:4
BRH:2
end_of_record
TN:
SF:d:\Workspace\Laicos\Source\ibhs\ibhs_api\api\models\DisasterRiskRegion.js
FN:17,(anonymous_1)
FN:19,(anonymous_2)
FN:25,(anonymous_3)
FN:31,(anonymous_4)
FN:39,(anonymous_5)
FNF:5
FNH:0
FNDA:0,(anonymous_1)
FNDA:0,(anonymous_2)
FNDA:0,(anonymous_3)
FNDA:0,(anonymous_4)
FNDA:0,(anonymous_5)
DA:1,1
DA:4,1
DA:18,0
DA:19,0
DA:20,0
DA:21,0
DA:22,0
DA:23,0
DA:25,0
DA:26,0
DA:32,0
DA:33,0
DA:34,0
DA:36,0
DA:40,0
DA:41,0
DA:42,0
DA:44,0
DA:47,0
LF:19
LH:2
BRDA:20,1,0,0
BRDA:20,1,1,0
BRDA:32,2,0,0
BRDA:32,2,1,0
BRDA:40,3,0,0
BRDA:40,3,1,0
BRF:6
BRH:0
end_of_record
TN:
SF:d:\Workspace\Laicos\Source\ibhs\ibhs_api\api\models\DisasterRiskZipcode.js
FN:14,(anonymous_1)
FN:16,(anonymous_2)
FN:22,(anonymous_3)
FN:28,(anonymous_4)
FN:36,(anonymous_5)
FNF:5
FNH:0
FNDA:0,(anonymous_1)
FNDA:0,(anonymous_2)
FNDA:0,(anonymous_3)
FNDA:0,(anonymous_4)
FNDA:0,(anonymous_5)
DA:1,1
DA:3,1
DA:15,0
DA:16,0
DA:17,0
DA:18,0
DA:19,0
DA:20,0
DA:22,0
DA:23,0
DA:29,0
DA:30,0
DA:31,0
DA:33,0
DA:37,0
DA:38,0
DA:39,0
DA:41,0
DA:44,0
LF:19
LH:2
BRDA:17,1,0,0
BRDA:17,1,1,0
BRDA:29,2,0,0
BRDA:29,2,1,0
BRDA:37,3,0,0
BRDA:37,3,1,0
BRF:6
BRH:0
end_of_record
TN:
SF:d:\Workspace\Laicos\Source\ibhs\ibhs_api\api\models\FolderCache.js
FN:35,(anonymous_1)
FN:39,(anonymous_2)
FN:61,(anonymous_3)
FNF:3
FNH:3
FNDA:1,(anonymous_1)
FNDA:1,(anonymous_2)
FNDA:1,(anonymous_3)
DA:8,1
DA:37,1
DA:39,1
DA:42,1
DA:44,0
DA:45,0
DA:48,1
DA:62,1
DA:63,0
DA:64,0
DA:66,1
DA:75,0
DA:76,0
LF:13
LH:7
BRDA:42,1,0,0
BRDA:42,1,1,1
BRDA:62,2,0,0
BRDA:62,2,1,1
BRF:4
BRH:2
end_of_record
TN:
SF:d:\Workspace\Laicos\Source\ibhs\ibhs_api\api\models\TokenSession.js
FN:35,(anonymous_1)
FN:37,(anonymous_2)
FN:44,(anonymous_3)
FN:82,(anonymous_4)
FN:84,(anonymous_5)
FN:94,(anonymous_6)
FN:110,(anonymous_7)
FN:131,(anonymous_8)
FN:134,(anonymous_9)
FN:155,(anonymous_10)
FN:175,(anonymous_11)
FN:177,(anonymous_12)
FN:193,(anonymous_13)
FNF:13
FNH:0
FNDA:0,(anonymous_1)
FNDA:0,(anonymous_2)
FNDA:0,(anonymous_3)
FNDA:0,(anonymous_4)
FNDA:0,(anonymous_5)
FNDA:0,(anonymous_6)
FNDA:0,(anonymous_7)
FNDA:0,(anonymous_8)
FNDA:0,(anonymous_9)
FNDA:0,(anonymous_10)
FNDA:0,(anonymous_11)
FNDA:0,(anonymous_12)
FNDA:0,(anonymous_13)
DA:7,1
DA:8,1
DA:10,1
DA:37,0
DA:39,0
DA:41,0
DA:44,0
DA:47,0
DA:48,0
DA:49,0
DA:50,0
DA:51,0
DA:52,0
DA:56,0
DA:57,0
DA:59,0
DA:60,0
DA:61,0
DA:63,0
DA:65,0
DA:66,0
DA:73,0
DA:74,0
DA:79,0
DA:84,0
DA:86,0
DA:89,0
DA:91,0
DA:94,0
DA:96,0
DA:97,0
DA:98,0
DA:100,0
DA:107,0
DA:110,0
DA:112,0
DA:113,0
DA:114,0
DA:116,0
DA:122,0
DA:123,0
DA:128,0
DA:134,0
DA:136,0
DA:138,0
DA:141,0
DA:142,0
DA:143,0
DA:145,0
DA:155,0
DA:157,0
DA:158,0
DA:160,0
DA:166,0
DA:167,0
DA:172,0
DA:177,0
DA:179,0
DA:181,0
DA:183,0
DA:186,0
DA:195,0
DA:196,0
DA:197,0
DA:199,0
DA:206,0
DA:207,0
DA:212,0
LF:68
LH:3
BRDA:47,1,0,0
BRDA:47,1,1,0
BRDA:50,2,0,0
BRDA:50,2,1,0
BRDA:50,3,0,0
BRDA:50,3,1,0
BRDA:59,4,0,0
BRDA:59,4,1,0
BRDA:89,5,0,0
BRDA:89,5,1,0
BRDA:96,6,0,0
BRDA:96,6,1,0
BRDA:112,7,0,0
BRDA:112,7,1,0
BRDA:116,8,0,0
BRDA:116,8,1,0
BRDA:116,9,0,0
BRDA:116,9,1,0
BRDA:148,10,0,0
BRDA:148,10,1,0
BRDA:157,11,0,0
BRDA:157,11,1,0
BRDA:195,12,0,0
BRDA:195,12,1,0
BRF:24
BRH:0
end_of_record
TN:
SF:d:\Workspace\Laicos\Source\ibhs\ibhs_api\api\models\View.js
FNF:0
FNH:0
DA:8,1
LF:1
LH:1
BRF:0
BRH:0
end_of_record
TN:
SF:d:\Workspace\Laicos\Source\ibhs\ibhs_api\api\controllers\AdminController.js
FN:10,(anonymous_1)
FN:15,(anonymous_2)
FN:19,(anonymous_3)
FNF:3
FNH:0
FNDA:0,(anonymous_1)
FNDA:0,(anonymous_2)
FNDA:0,(anonymous_3)
DA:8,1
DA:12,0
DA:14,0
DA:16,0
DA:17,0
DA:20,0
DA:21,0
DA:26,0
DA:27,0
LF:9
LH:1
BRF:0
BRH:0
end_of_record
TN:
SF:d:\Workspace\Laicos\Source\ibhs\ibhs_api\api\controllers\AppController.js
FN:14,(anonymous_1)
FN:29,(anonymous_2)
FN:33,(anonymous_3)
FN:38,(anonymous_4)
FNF:4
FNH:0
FNDA:0,(anonymous_1)
FNDA:0,(anonymous_2)
FNDA:0,(anonymous_3)
FNDA:0,(anonymous_4)
DA:8,1
DA:10,1
DA:16,0
DA:18,0
DA:20,0
DA:23,0
DA:31,0
DA:33,0
DA:35,0
DA:39,0
DA:43,0
LF:11
LH:2
BRF:0
BRH:0
end_of_record
TN:
SF:d:\Workspace\Laicos\Source\ibhs\ibhs_api\api\handlers\ClientAuth.js
FN:11,(anonymous_1)
FN:19,(anonymous_2)
FNF:2
FNH:0
FNDA:0,(anonymous_1)
FNDA:0,(anonymous_2)
DA:7,1
DA:9,1
DA:14,0
DA:16,0
DA:18,0
DA:22,0
DA:23,0
DA:25,0
DA:28,0
DA:34,0
DA:43,0
DA:44,0
LF:12
LH:2
BRDA:22,1,0,0
BRDA:22,1,1,0
BRDA:25,2,0,0
BRDA:25,2,1,0
BRF:4
BRH:0
end_of_record
TN:
SF:d:\Workspace\Laicos\Source\ibhs\ibhs_api\api\controllers\DisasterQueryController.js
FN:7,(anonymous_1)
FN:17,(anonymous_2)
FN:24,(anonymous_3)
FN:29,(anonymous_4)
FN:39,(anonymous_5)
FN:46,(anonymous_6)
FNF:6
FNH:0
FNDA:0,(anonymous_1)
FNDA:0,(anonymous_2)
FNDA:0,(anonymous_3)
FNDA:0,(anonymous_4)
FNDA:0,(anonymous_5)
FNDA:0,(anonymous_6)
DA:3,1
DA:5,1
DA:8,0
DA:9,0
DA:12,0
DA:15,0
DA:18,0
DA:19,0
DA:20,0
DA:22,0
DA:25,0
DA:30,0
DA:31,0
DA:34,0
DA:37,0
DA:40,0
DA:41,0
DA:42,0
DA:44,0
DA:47,0
LF:20
LH:2
BRDA:8,1,0,0
BRDA:8,1,1,0
BRDA:18,2,0,0
BRDA:18,2,1,0
BRDA:30,3,0,0
BRDA:30,3,1,0
BRDA:40,4,0,0
BRDA:40,4,1,0
BRF:8
BRH:0
end_of_record
TN:
SF:d:\Workspace\Laicos\Source\ibhs\ibhs_api\api\controllers\DisasterUploadController.js
FN:10,(anonymous_1)
FN:17,whenDone
FN:25,(anonymous_3)
FN:29,(anonymous_4)
FN:49,(anonymous_5)
FN:52,(anonymous_6)
FN:59,parseFiles
FN:65,(anonymous_8)
FN:67,(anonymous_9)
FN:77,parseFile
FN:84,(anonymous_11)
FN:119,(anonymous_12)
FN:122,(anonymous_13)
FN:129,onSuccess
FN:146,onError
FNF:15
FNH:0
FNDA:0,(anonymous_1)
FNDA:0,whenDone
FNDA:0,(anonymous_3)
FNDA:0,(anonymous_4)
FNDA:0,(anonymous_5)
FNDA:0,(anonymous_6)
FNDA:0,parseFiles
FNDA:0,(anonymous_8)
FNDA:0,(anonymous_9)
FNDA:0,parseFile
FNDA:0,(anonymous_11)
FNDA:0,(anonymous_12)
FNDA:0,(anonymous_13)
FNDA:0,onSuccess
FNDA:0,onError
DA:3,1
DA:8,1
DA:11,0
DA:12,0
DA:13,0
DA:18,0
DA:19,0
DA:21,0
DA:22,0
DA:24,0
DA:26,0
DA:27,0
DA:30,0
DA:34,0
DA:37,0
DA:41,0
DA:44,0
DA:50,0
DA:53,0
DA:59,1
DA:60,0
DA:65,0
DA:66,0
DA:68,0
DA:69,0
DA:70,0
DA:72,0
DA:74,0
DA:77,1
DA:78,0
DA:84,0
DA:86,0
DA:88,0
DA:89,0
DA:92,0
DA:96,0
DA:97,0
DA:100,0
DA:101,0
DA:105,0
DA:106,0
DA:109,0
DA:110,0
DA:114,0
DA:115,0
DA:119,0
DA:120,0
DA:122,0
DA:123,0
DA:124,0
DA:129,1
DA:130,0
DA:132,0
DA:133,0
DA:140,0
DA:142,0
DA:146,1
DA:147,0
DA:149,0
DA:150,0
DA:157,0
DA:161,0
LF:62
LH:6
BRDA:18,1,0,0
BRDA:18,1,1,0
BRDA:21,2,0,0
BRDA:21,2,1,0
BRDA:68,3,0,0
BRDA:68,3,1,0
BRDA:88,4,0,0
BRDA:88,4,1,0
BRDA:96,5,0,0
BRDA:96,5,1,0
BRDA:100,6,0,0
BRDA:100,6,1,0
BRDA:105,7,0,0
BRDA:105,7,1,0
BRDA:109,8,0,0
BRDA:109,8,1,0
BRDA:114,9,0,0
BRDA:114,9,1,0
BRDA:123,10,0,0
BRDA:123,10,1,0
BRF:20
BRH:0
end_of_record
TN:
SF:d:\Workspace\Laicos\Source\ibhs\ibhs_api\api\controllers\FileStoreController.js
FN:11,(anonymous_1)
FN:17,(anonymous_2)
FN:25,(anonymous_3)
FN:37,(anonymous_4)
FN:41,(anonymous_5)
FN:49,(anonymous_6)
FN:61,(anonymous_7)
FN:83,(anonymous_8)
FN:87,(anonymous_9)
FN:92,(anonymous_10)
FN:104,(anonymous_11)
FN:113,(anonymous_12)
FN:118,(anonymous_13)
FN:125,(anonymous_14)
FN:158,(anonymous_15)
FN:165,(anonymous_16)
FN:180,(anonymous_17)
FN:188,(anonymous_18)
FNF:18
FNH:0
FNDA:0,(anonymous_1)
FNDA:0,(anonymous_2)
FNDA:0,(anonymous_3)
FNDA:0,(anonymous_4)
FNDA:0,(anonymous_5)
FNDA:0,(anonymous_6)
FNDA:0,(anonymous_7)
FNDA:0,(anonymous_8)
FNDA:0,(anonymous_9)
FNDA:0,(anonymous_10)
FNDA:0,(anonymous_11)
FNDA:0,(anonymous_12)
FNDA:0,(anonymous_13)
FNDA:0,(anonymous_14)
FNDA:0,(anonymous_15)
FNDA:0,(anonymous_16)
FNDA:0,(anonymous_17)
FNDA:0,(anonymous_18)
DA:7,1
DA:9,1
DA:13,0
DA:14,0
DA:17,0
DA:19,0
DA:20,0
DA:22,0
DA:26,0
DA:27,0
DA:31,0
DA:32,0
DA:39,0
DA:41,0
DA:43,0
DA:44,0
DA:46,0
DA:50,0
DA:51,0
DA:55,0
DA:56,0
DA:63,0
DA:66,0
DA:68,0
DA:71,0
DA:77,0
DA:78,0
DA:79,0
DA:80,0
DA:82,0
DA:86,0
DA:88,0
DA:90,0
DA:93,0
DA:94,0
DA:99,0
DA:100,0
DA:106,0
DA:109,0
DA:112,0
DA:115,0
DA:117,0
DA:119,0
DA:121,0
DA:122,0
DA:126,0
DA:127,0
DA:152,0
DA:153,0
DA:161,0
DA:162,0
DA:165,0
DA:167,0
DA:169,0
DA:170,0
DA:171,0
DA:172,0
DA:173,0
DA:174,0
DA:175,0
DA:176,0
DA:177,0
DA:178,0
DA:180,0
DA:181,0
DA:182,0
DA:184,0
DA:188,0
DA:190,0
DA:197,0
DA:198,0
DA:199,0
DA:200,0
DA:215,1
LF:74
LH:3
BRDA:19,1,0,0
BRDA:19,1,1,0
BRDA:43,2,0,0
BRDA:43,2,1,0
BRDA:167,3,0,0
BRDA:167,3,1,0
BRDA:167,4,0,0
BRDA:167,4,1,0
BRDA:167,4,2,0
BRDA:181,5,0,0
BRDA:181,5,1,0
BRF:11
BRH:0
end_of_record
TN:
SF:d:\Workspace\Laicos\Source\ibhs\ibhs_api\api\controllers\UIController.js
FN:11,(anonymous_1)
FN:32,(anonymous_2)
FN:40,(anonymous_3)
FN:59,(anonymous_4)
FN:67,(anonymous_5)
FN:89,(anonymous_6)
FN:104,(anonymous_7)
FN:118,(anonymous_8)
FNF:8
FNH:1
FNDA:1,(anonymous_1)
FNDA:0,(anonymous_2)
FNDA:0,(anonymous_3)
FNDA:0,(anonymous_4)
FNDA:0,(anonymous_5)
FNDA:0,(anonymous_6)
FNDA:0,(anonymous_7)
FNDA:0,(anonymous_8)
DA:8,1
DA:9,1
DA:11,1
DA:13,1
DA:14,1
DA:15,1
DA:18,1
DA:19,1
DA:20,1
DA:22,1
DA:30,1
DA:34,0
DA:36,0
DA:37,0
DA:40,0
DA:41,0
DA:42,0
DA:43,0
DA:46,0
DA:47,0
DA:49,0
DA:58,0
DA:61,0
DA:62,0
DA:63,0
DA:66,0
DA:68,0
DA:69,0
DA:73,0
DA:74,0
DA:82,0
DA:83,0
DA:91,0
DA:94,0
DA:95,0
DA:98,0
DA:99,0
DA:106,0
DA:109,0
DA:110,0
DA:113,0
DA:114,0
DA:120,0
DA:123,0
DA:124,0
DA:127,0
DA:128,0
LF:47
LH:11
BRDA:41,1,0,0
BRDA:41,1,1,0
BRDA:46,2,0,0
BRDA:46,2,1,0
BRDA:62,3,0,0
BRDA:62,3,1,0
BRF:6
BRH:0
end_of_record
TN:
SF:d:\Workspace\Laicos\Source\ibhs\ibhs_api\api\controllers\UserController.js
FNF:0
FNH:0
DA:8,1
DA:10,1
LF:2
LH:2
BRF:0
BRH:0
end_of_record
TN:
SF:d:\Workspace\Laicos\Source\ibhs\ibhs_api\api\handlers\UserAuth.js
FN:10,(anonymous_1)
FN:15,(anonymous_2)
FN:45,(anonymous_3)
FN:54,(anonymous_4)
FN:67,(anonymous_5)
FNF:5
FNH:0
FNDA:0,(anonymous_1)
FNDA:0,(anonymous_2)
FNDA:0,(anonymous_3)
FNDA:0,(anonymous_4)
FNDA:0,(anonymous_5)
DA:6,1
DA:8,1
DA:12,0
DA:13,0
DA:14,0
DA:18,0
DA:19,0
DA:21,0
DA:22,0
DA:31,0
DA:40,0
DA:41,0
DA:47,0
DA:49,0
DA:51,0
DA:54,0
DA:56,0
DA:57,0
DA:58,0
DA:60,0
DA:63,0
DA:64,0
DA:68,0
DA:72,0
DA:73,0
LF:25
LH:2
BRDA:18,1,0,0
BRDA:18,1,1,0
BRDA:21,2,0,0
BRDA:21,2,1,0
BRDA:49,3,0,0
BRDA:49,3,1,0
BRDA:57,4,0,0
BRDA:57,4,1,0
BRDA:57,5,0,0
BRDA:57,5,1,0
BRF:10
BRH:0
end_of_record
TN:
SF:d:\Workspace\Laicos\Source\ibhs\ibhs_api\api\policies\accessToken.js
FN:5,(anonymous_1)
FN:12,(anonymous_2)
FN:22,(anonymous_3)
FNF:3
FNH:0
FNDA:0,(anonymous_1)
FNDA:0,(anonymous_2)
FNDA:0,(anonymous_3)
DA:5,1
DA:7,0
DA:9,0
DA:12,0
DA:14,0
DA:15,0
DA:16,0
DA:19,0
DA:20,0
DA:23,0
DA:28,0
LF:11
LH:1
BRDA:9,1,0,0
BRDA:9,1,1,0
BRDA:14,2,0,0
BRDA:14,2,1,0
BRF:4
BRH:0
end_of_record
TN:
SF:d:\Workspace\Laicos\Source\ibhs\ibhs_api\api\policies\bearer.js
FN:6,(anonymous_1)
FN:7,(anonymous_2)
FNF:2
FNH:0
FNDA:0,(anonymous_1)
FNDA:0,(anonymous_2)
DA:4,1
DA:6,1
DA:7,0
DA:11,0
DA:12,0
DA:14,0
LF:6
LH:2
BRDA:11,1,0,0
BRDA:11,1,1,0
BRDA:12,2,0,0
BRDA:12,2,1,0
BRF:4
BRH:0
end_of_record
TN:
SF:d:\Workspace\Laicos\Source\ibhs\ibhs_api\api\policies\private.js
FN:7,(anonymous_1)
FN:15,(anonymous_2)
FNF:2
FNH:0
FNDA:0,(anonymous_1)
FNDA:0,(anonymous_2)
DA:5,1
DA:7,1
DA:9,0
DA:11,0
DA:14,0
DA:18,0
DA:19,0
DA:20,0
DA:23,0
DA:24,0
DA:25,0
DA:29,0
DA:40,0
LF:13
LH:2
BRDA:18,1,0,0
BRDA:18,1,1,0
BRDA:24,2,0,0
BRDA:24,2,1,0
BRF:4
BRH:0
end_of_record
TN:
SF:d:\Workspace\Laicos\Source\ibhs\ibhs_api\api\policies\session.js
FN:10,(anonymous_1)
FN:16,(anonymous_2)
FN:27,(anonymous_3)
FNF:3
FNH:0
FNDA:0,(anonymous_1)
FNDA:0,(anonymous_2)
FNDA:0,(anonymous_3)
DA:10,1
DA:13,0
DA:16,0
DA:18,0
DA:20,0
DA:21,0
DA:23,0
DA:24,0
DA:29,0
DA:30,0
LF:10
LH:1
BRDA:18,1,0,0
BRDA:18,1,1,0
BRF:2
BRH:0
end_of_record
